Using pre-set license
Built from '2022.3/staging' branch; Version is '2022.3.22f1 (887be4894c44) revision 8944612'; Using compiler version '192829333'; Build Type 'Release'
OS: 'Windows 10  (10.0.19045) 64bit Professional' Language: 'ko' Physical Memory: 16213 MB
BatchMode: 1, IsHumanControllingUs: 0, StartBugReporterOnCrash: 0, Is64bit: 1, IsPro: 1

COMMAND LINE ARGUMENTS:
C:\Program Files\Unity\Hub\Editor\2022.3.22f1\Editor\Unity.exe
-adb2
-batchMode
-noUpm
-name
AssetImportWorker121
-projectPath
C:/Users/User/ProjectBasic
-logFile
Logs/AssetImportWorker121.log
-srvPort
54314
Successfully changed project path to: C:/Users/User/ProjectBasic
C:/Users/User/ProjectBasic
[UnityMemory] Configuration Parameters - Can be set up in boot.config
    "memorysetup-bucket-allocator-granularity=16"
    "memorysetup-bucket-allocator-bucket-count=8"
    "memorysetup-bucket-allocator-block-size=33554432"
    "memorysetup-bucket-allocator-block-count=8"
    "memorysetup-main-allocator-block-size=16777216"
    "memorysetup-thread-allocator-block-size=16777216"
    "memorysetup-gfx-main-allocator-block-size=16777216"
    "memorysetup-gfx-thread-allocator-block-size=16777216"
    "memorysetup-cache-allocator-block-size=4194304"
    "memorysetup-typetree-allocator-block-size=2097152"
    "memorysetup-profiler-bucket-allocator-granularity=16"
    "memorysetup-profiler-bucket-allocator-bucket-count=8"
    "memorysetup-profiler-bucket-allocator-block-size=33554432"
    "memorysetup-profiler-bucket-allocator-block-count=8"
    "memorysetup-profiler-allocator-block-size=16777216"
    "memorysetup-profiler-editor-allocator-block-size=1048576"
    "memorysetup-temp-allocator-size-main=16777216"
    "memorysetup-job-temp-allocator-block-size=2097152"
    "memorysetup-job-temp-allocator-block-size-background=1048576"
    "memorysetup-job-temp-allocator-reduction-small-platforms=262144"
    "memorysetup-allocator-temp-initial-block-size-main=262144"
    "memorysetup-allocator-temp-initial-block-size-worker=262144"
    "memorysetup-temp-allocator-size-background-worker=32768"
    "memorysetup-temp-allocator-size-job-worker=262144"
    "memorysetup-temp-allocator-size-preload-manager=33554432"
    "memorysetup-temp-allocator-size-nav-mesh-worker=65536"
    "memorysetup-temp-allocator-size-audio-worker=65536"
    "memorysetup-temp-allocator-size-cloud-worker=32768"
    "memorysetup-temp-allocator-size-gi-baking-worker=262144"
    "memorysetup-temp-allocator-size-gfx=262144"
Player connection [9692] Host "[IP] 192.168.0.47 [Port] 0 [Flags] 2 [Guid] 887635641 [EditorId] 887635641 [Version] 1048832 [Id] WindowsEditor(7,DESKTOP-7FL9E6G) [Debug] 1 [PackageName] WindowsEditor [ProjectName] Editor" joined multi-casting on [225.0.0.222:54997]...

Player connection [9692] Host "[IP] 192.168.0.47 [Port] 0 [Flags] 2 [Guid] 887635641 [EditorId] 887635641 [Version] 1048832 [Id] WindowsEditor(7,DESKTOP-7FL9E6G) [Debug] 1 [PackageName] WindowsEditor [ProjectName] Editor" joined alternative multi-casting on [225.0.0.222:34997]...

[Physics::Module] Initialized MultithreadedJobDispatcher with 19 workers.
Refreshing native plugins compatible for Editor in 16.47 ms, found 9 plugins.
Preloading 0 native plugins for Editor in 0.00 ms.
Initialize engine version: 2022.3.22f1 (887be4894c44)
[Subsystems] Discovering subsystems at path C:/Program Files/Unity/Hub/Editor/2022.3.22f1/Editor/Data/Resources/UnitySubsystems
[Subsystems] Discovering subsystems at path C:/Users/User/ProjectBasic/Assets
GfxDevice: creating device client; threaded=0; jobified=0
Direct3D:
    Version:  Direct3D 11.0 [level 11.1]
    Renderer: NVIDIA GeForce GTX 1660 SUPER (ID=0x21c4)
    Vendor:   NVIDIA
    VRAM:     5980 MB
    Driver:   31.0.15.3623
Initialize mono
Mono path[0] = 'C:/Program Files/Unity/Hub/Editor/2022.3.22f1/Editor/Data/Managed'
Mono path[1] = 'C:/Program Files/Unity/Hub/Editor/2022.3.22f1/Editor/Data/MonoBleedingEdge/lib/mono/unityjit-win32'
Mono config path = 'C:/Program Files/Unity/Hub/Editor/2022.3.22f1/Editor/Data/MonoBleedingEdge/etc'
Using monoOptions --debugger-agent=transport=dt_socket,embedding=1,server=y,suspend=n,address=127.0.0.1:56012
Begin MonoManager ReloadAssembly
Registering precompiled unity dll's ...
Register platform support module: C:/Program Files/Unity/Hub/Editor/2022.3.22f1/Editor/Data/PlaybackEngines/WebGLSupport/UnityEditor.WebGL.Extensions.dll
Register platform support module: C:/Program Files/Unity/Hub/Editor/2022.3.22f1/Editor/Data/PlaybackEngines/AndroidPlayer/UnityEditor.Android.Extensions.dll
Register platform support module: C:/Program Files/Unity/Hub/Editor/2022.3.22f1/Editor/Data/PlaybackEngines/WindowsStandaloneSupport/UnityEditor.WindowsStandalone.Extensions.dll
Registered in 0.067887 seconds.
- Loaded All Assemblies, in  0.597 seconds
Native extension for WindowsStandalone target not found
Native extension for Android target not found
Android Extension - Scanning For ADB Devices 230 ms
Native extension for WebGL target not found
Mono: successfully reloaded assembly
- Finished resetting the current domain, in  0.627 seconds
Domain Reload Profiling: 1222ms
	BeginReloadAssembly (147ms)
		ExecutionOrderSort (0ms)
		DisableScriptedObjects (0ms)
		BackupInstance (0ms)
		ReleaseScriptingObjects (0ms)
		CreateAndSetChildDomain (1ms)
	RebuildCommonClasses (43ms)
	RebuildNativeTypeToScriptingClass (13ms)
	initialDomainReloadingComplete (230ms)
	LoadAllAssembliesAndSetupDomain (161ms)
		LoadAssemblies (146ms)
		RebuildTransferFunctionScriptingTraits (0ms)
		AnalyzeDomain (158ms)
			TypeCache.Refresh (157ms)
				TypeCache.ScanAssembly (143ms)
			ScanForSourceGeneratedMonoScriptInfo (0ms)
			ResolveRequiredComponents (1ms)
	FinalizeReload (628ms)
		ReleaseScriptCaches (0ms)
		RebuildScriptCaches (0ms)
		SetupLoadedEditorAssemblies (561ms)
			LogAssemblyErrors (0ms)
			InitializePlatformSupportModulesInManaged (365ms)
			SetLoadedEditorAssemblies (4ms)
			RefreshPlugins (0ms)
			BeforeProcessingInitializeOnLoad (2ms)
			ProcessInitializeOnLoadAttributes (139ms)
			ProcessInitializeOnLoadMethodAttributes (52ms)
			AfterProcessingInitializeOnLoad (0ms)
			EditorAssembliesLoaded (0ms)
		ExecutionOrderSort2 (0ms)
		AwakeInstancesAfterBackupRestoration (0ms)
========================================================================
Worker process is ready to serve import requests
Begin MonoManager ReloadAssembly
- Loaded All Assemblies, in  0.872 seconds
Refreshing native plugins compatible for Editor in 7.67 ms, found 9 plugins.
Native extension for WindowsStandalone target not found
Native extension for Android target not found
Native extension for WebGL target not found
Package Manager log level set to [2]
[Package Manager] Server::EnsureServerProcessIsRunning -- launch failed, reason: Unity was launched with the -noUpm command-line argument
[Package Manager] UpmClient::Send -- Unable to send message (not connected to UPM process).
[Package Manager] Cannot connect to Unity Package Manager local server
Mono: successfully reloaded assembly
- Finished resetting the current domain, in  0.977 seconds
Domain Reload Profiling: 1845ms
	BeginReloadAssembly (152ms)
		ExecutionOrderSort (0ms)
		DisableScriptedObjects (6ms)
		BackupInstance (0ms)
		ReleaseScriptingObjects (0ms)
		CreateAndSetChildDomain (20ms)
	RebuildCommonClasses (37ms)
	RebuildNativeTypeToScriptingClass (12ms)
	initialDomainReloadingComplete (49ms)
	LoadAllAssembliesAndSetupDomain (617ms)
		LoadAssemblies (414ms)
		RebuildTransferFunctionScriptingTraits (0ms)
		AnalyzeDomain (292ms)
			TypeCache.Refresh (237ms)
				TypeCache.ScanAssembly (212ms)
			ScanForSourceGeneratedMonoScriptInfo (39ms)
			ResolveRequiredComponents (15ms)
	FinalizeReload (977ms)
		ReleaseScriptCaches (0ms)
		RebuildScriptCaches (0ms)
		SetupLoadedEditorAssemblies (755ms)
			LogAssemblyErrors (0ms)
			InitializePlatformSupportModulesInManaged (29ms)
			SetLoadedEditorAssemblies (6ms)
			RefreshPlugins (0ms)
			BeforeProcessingInitializeOnLoad (108ms)
			ProcessInitializeOnLoadAttributes (501ms)
			ProcessInitializeOnLoadMethodAttributes (102ms)
			AfterProcessingInitializeOnLoad (9ms)
			EditorAssembliesLoaded (0ms)
		ExecutionOrderSort2 (0ms)
		AwakeInstancesAfterBackupRestoration (7ms)
Launched and connected shader compiler UnityShaderCompiler.exe after 0.03 seconds
Refreshing native plugins compatible for Editor in 8.34 ms, found 9 plugins.
Preloading 0 native plugins for Editor in 0.00 ms.
Unloading 6768 Unused Serialized files (Serialized files now loaded: 0)
Unloading 138 unused Assets / (1.7 MB). Loaded Objects now: 7225.
Memory consumption went from 256.6 MB to 254.9 MB.
Total: 5.604800 ms (FindLiveObjects: 0.794200 ms CreateObjectMapping: 0.249200 ms MarkObjects: 3.607200 ms  DeleteObjects: 0.953000 ms)

AssetImportParameters requested are different than current active one (requested -> active):
  custom:container-demuxer-ogg: 62fdf1f143b41e24485cea50d1cbac27 -> 
  custom:framework-win-MediaFoundation: 216162199b28c13a410421893ffa2e32 -> 
  custom:container-muxer-webm: aa71ff27fc2769a1b78a27578f13a17b -> 
  custom:video-decoder-webm-vp8: 9c59270c3fd7afecdb556c50c9e8de78 -> 
  custom:SearchIndexIgnoredProperties: e643bd26f0fe6173181afceb89e7c659 -> 
  custom:AudioImporter_EditorPlatform: d09bf68614088b80899f8185d706f6e7 -> 
  custom:audio-decoder-ogg-vorbis: bf7c407c2cedff20999df2af8eb42d56 -> 
  custom:audio-encoder-webm-vorbis: bf7c407c2cedff20999df2af8eb42d56 -> 
  custom:video-decoder-ogg-theora: a1e56fd34408186e4bbccfd4996cb3dc -> 
  custom:CustomObjectIndexerAttribute: 72b91833f83ae208fae7752999fa3104 -> 
  custom:container-demuxer-webm: 4f35f7cbe854078d1ac9338744f61a02 -> 
  custom:video-encoder-webm-vp8: eb34c28f22e8b96e1ab97ce403110664 -> 
========================================================================
Received Import Request.
  Time since last request: 112138.471144 seconds.
  path: Assets/Prefab/Item/4_Item_0.prefab
  artifactKey: Guid(2518e2a09b504774eb489be239febdd3) Importer(815301076,1909f56bfc062723c751e8b465ee728b)
Start importing Assets/Prefab/Item/4_Item_0.prefab using Guid(2518e2a09b504774eb489be239febdd3) Importer(815301076,1909f56bfc062723c751e8b465ee728b)  -> (artifact id: 'b197d1d143e6dcb90a323a25a9e4077c') in 0.091905 seconds
Number of updated asset objects reloaded before import = 0
Number of asset objects unloaded after import = 11
========================================================================
Received Import Request.
  Time since last request: 0.000026 seconds.
  path: Assets/Prefab/Item/21_Item_6.prefab
  artifactKey: Guid(424839612fabb0e488766f3d1fe94cd4) Importer(815301076,1909f56bfc062723c751e8b465ee728b)
Start importing Assets/Prefab/Item/21_Item_6.prefab using Guid(424839612fabb0e488766f3d1fe94cd4) Importer(815301076,1909f56bfc062723c751e8b465ee728b)  -> (artifact id: 'ec0f8f2b533ceb67725e55496fb51371') in 0.012197 seconds
Number of updated asset objects reloaded before import = 0
Number of asset objects unloaded after import = 11
========================================================================
Received Import Request.
  Time since last request: 0.000034 seconds.
  path: Assets/Prefab/Item/15_Item_2.prefab
  artifactKey: Guid(d5e127a0b831d98459475aa3b24ef4dc) Importer(815301076,1909f56bfc062723c751e8b465ee728b)
Start importing Assets/Prefab/Item/15_Item_2.prefab using Guid(d5e127a0b831d98459475aa3b24ef4dc) Importer(815301076,1909f56bfc062723c751e8b465ee728b)  -> (artifact id: '507baeadbcf3dd8e61e03649e4c9e207') in 0.047076 seconds
Number of updated asset objects reloaded before import = 0
Number of asset objects unloaded after import = 11
========================================================================
Received Import Request.
  Time since last request: 0.000991 seconds.
  path: Assets/Prefab/Item/16_Item_3.prefab
  artifactKey: Guid(69fea15c58507724aa857bf4d454b487) Importer(815301076,1909f56bfc062723c751e8b465ee728b)
Start importing Assets/Prefab/Item/16_Item_3.prefab using Guid(69fea15c58507724aa857bf4d454b487) Importer(815301076,1909f56bfc062723c751e8b465ee728b)  -> (artifact id: '055f7e6ead8baee9f3919013dbd20bcd') in 0.010903 seconds
Number of updated asset objects reloaded before import = 0
Number of asset objects unloaded after import = 11
========================================================================
Received Import Request.
  Time since last request: 8.719562 seconds.
  path: Assets/Prefab/Item/4_Item_0.prefab
  artifactKey: Guid(2518e2a09b504774eb489be239febdd3) Importer(815301076,1909f56bfc062723c751e8b465ee728b)
Start importing Assets/Prefab/Item/4_Item_0.prefab using Guid(2518e2a09b504774eb489be239febdd3) Importer(815301076,1909f56bfc062723c751e8b465ee728b)  -> (artifact id: '3c453d721cf7da6b79c974c49b80193b') in 0.010815 seconds
Number of updated asset objects reloaded before import = 0
Number of asset objects unloaded after import = 11
========================================================================
Received Import Request.
  Time since last request: 0.000016 seconds.
  path: Assets/Prefab/Item/19_Item_4.prefab
  artifactKey: Guid(0b38fd55057f5114aba97f5d53c6e6ef) Importer(815301076,1909f56bfc062723c751e8b465ee728b)
Start importing Assets/Prefab/Item/19_Item_4.prefab using Guid(0b38fd55057f5114aba97f5d53c6e6ef) Importer(815301076,1909f56bfc062723c751e8b465ee728b)  -> (artifact id: '737597bbc8e2c7fe868ab38255134537') in 0.017576 seconds
Number of updated asset objects reloaded before import = 0
Number of asset objects unloaded after import = 11
========================================================================
Received Import Request.
  Time since last request: 0.000018 seconds.
  path: Assets/Prefab/Item/9_Item_1.prefab
  artifactKey: Guid(20f06ee544eb09d4ba2ef7bb16c0f927) Importer(815301076,1909f56bfc062723c751e8b465ee728b)
Start importing Assets/Prefab/Item/9_Item_1.prefab using Guid(20f06ee544eb09d4ba2ef7bb16c0f927) Importer(815301076,1909f56bfc062723c751e8b465ee728b)  -> (artifact id: 'c3f834a264dfc3d35554d42961063439') in 0.026361 seconds
Number of updated asset objects reloaded before import = 0
Number of asset objects unloaded after import = 11
========================================================================
Received Import Request.
  Time since last request: 0.000028 seconds.
  path: Assets/Prefab/Item/6_Item_1.prefab
  artifactKey: Guid(e1c3a5ddeb21d1a4cb833a5fe3cb5356) Importer(815301076,1909f56bfc062723c751e8b465ee728b)
Start importing Assets/Prefab/Item/6_Item_1.prefab using Guid(e1c3a5ddeb21d1a4cb833a5fe3cb5356) Importer(815301076,1909f56bfc062723c751e8b465ee728b)  -> (artifact id: '2422f13f813e408dd61e3e4ee2168d9d') in 0.011900 seconds
Number of updated asset objects reloaded before import = 0
Number of asset objects unloaded after import = 11
========================================================================
Received Import Request.
  Time since last request: 17.950213 seconds.
  path: Assets/Prefab/Item/4_Item_0.prefab
  artifactKey: Guid(2518e2a09b504774eb489be239febdd3) Importer(815301076,1909f56bfc062723c751e8b465ee728b)
Start importing Assets/Prefab/Item/4_Item_0.prefab using Guid(2518e2a09b504774eb489be239febdd3) Importer(815301076,1909f56bfc062723c751e8b465ee728b)  -> (artifact id: '5ebf285a2f81958ca24f29405a47a4b7') in 0.021762 seconds
Number of updated asset objects reloaded before import = 0
Number of asset objects unloaded after import = 11
========================================================================
Received Import Request.
  Time since last request: 0.000021 seconds.
  path: Assets/Prefab/Item/17_Item_3.prefab
  artifactKey: Guid(882658997e2f58f47886097fa1a21957) Importer(815301076,1909f56bfc062723c751e8b465ee728b)
Start importing Assets/Prefab/Item/17_Item_3.prefab using Guid(882658997e2f58f47886097fa1a21957) Importer(815301076,1909f56bfc062723c751e8b465ee728b)  -> (artifact id: 'bdc029baf440a97b6b78535f20e12f6f') in 0.012589 seconds
Number of updated asset objects reloaded before import = 0
Number of asset objects unloaded after import = 11
========================================================================
Received Import Request.
  Time since last request: 0.000039 seconds.
  path: Assets/Prefab/Item/15_Item_2.prefab
  artifactKey: Guid(d5e127a0b831d98459475aa3b24ef4dc) Importer(815301076,1909f56bfc062723c751e8b465ee728b)
Start importing Assets/Prefab/Item/15_Item_2.prefab using Guid(d5e127a0b831d98459475aa3b24ef4dc) Importer(815301076,1909f56bfc062723c751e8b465ee728b)  -> (artifact id: 'c97b135150a38bb46ee6394077149e7f') in 0.023058 seconds
Number of updated asset objects reloaded before import = 0
Number of asset objects unloaded after import = 11
========================================================================
Received Import Request.
  Time since last request: 0.000020 seconds.
  path: Assets/Prefab/Item/8_Item_1.prefab
  artifactKey: Guid(0fd8f0845414ab4458cd2b80037e1440) Importer(815301076,1909f56bfc062723c751e8b465ee728b)
Start importing Assets/Prefab/Item/8_Item_1.prefab using Guid(0fd8f0845414ab4458cd2b80037e1440) Importer(815301076,1909f56bfc062723c751e8b465ee728b)  -> (artifact id: 'ee71786e82f27aac900447138e1a2e21') in 0.009473 seconds
Number of updated asset objects reloaded before import = 0
Number of asset objects unloaded after import = 11
========================================================================
Received Import Request.
  Time since last request: 52.701767 seconds.
  path: Assets/Prefab/Item/4_Item_0.prefab
  artifactKey: Guid(2518e2a09b504774eb489be239febdd3) Importer(815301076,1909f56bfc062723c751e8b465ee728b)
Start importing Assets/Prefab/Item/4_Item_0.prefab using Guid(2518e2a09b504774eb489be239febdd3) Importer(815301076,1909f56bfc062723c751e8b465ee728b)  -> (artifact id: 'ae67937ab15ac41a2e1226a01b27dd8b') in 0.014123 seconds
Number of updated asset objects reloaded before import = 0
Number of asset objects unloaded after import = 11
========================================================================
Received Import Request.
  Time since last request: 0.000029 seconds.
  path: Assets/Prefab/Item/19_Item_4.prefab
  artifactKey: Guid(0b38fd55057f5114aba97f5d53c6e6ef) Importer(815301076,1909f56bfc062723c751e8b465ee728b)
Start importing Assets/Prefab/Item/19_Item_4.prefab using Guid(0b38fd55057f5114aba97f5d53c6e6ef) Importer(815301076,1909f56bfc062723c751e8b465ee728b)  -> (artifact id: '714f40e8da4d1739fa0c19e79812fa15') in 0.019062 seconds
Number of updated asset objects reloaded before import = 0
Number of asset objects unloaded after import = 11
========================================================================
Received Import Request.
  Time since last request: 0.000029 seconds.
  path: Assets/Prefab/Item/9_Item_1.prefab
  artifactKey: Guid(20f06ee544eb09d4ba2ef7bb16c0f927) Importer(815301076,1909f56bfc062723c751e8b465ee728b)
Start importing Assets/Prefab/Item/9_Item_1.prefab using Guid(20f06ee544eb09d4ba2ef7bb16c0f927) Importer(815301076,1909f56bfc062723c751e8b465ee728b)  -> (artifact id: '1df62de3887a0fc7bcbd20c6744a97e0') in 0.018762 seconds
Number of updated asset objects reloaded before import = 0
Number of asset objects unloaded after import = 11
========================================================================
Received Import Request.
  Time since last request: 0.000018 seconds.
  path: Assets/Prefab/Item/6_Item_1.prefab
  artifactKey: Guid(e1c3a5ddeb21d1a4cb833a5fe3cb5356) Importer(815301076,1909f56bfc062723c751e8b465ee728b)
Start importing Assets/Prefab/Item/6_Item_1.prefab using Guid(e1c3a5ddeb21d1a4cb833a5fe3cb5356) Importer(815301076,1909f56bfc062723c751e8b465ee728b)  -> (artifact id: '67af2e01e1fd2392c53b3d6e9fc51703') in 0.009952 seconds
Number of updated asset objects reloaded before import = 0
Number of asset objects unloaded after import = 11
Editor requested this worker to shutdown with reason: Scaling down because of idle timeout
TcpMessagingSession - receive error: operation aborted. errorcode: 995, details: 스레드 종료 또는 응용 프로그램 요청 때문에 I/O 작업이 취소되었습니다.
AssetImportWorker is now disconnected from the server
Process exiting
Exiting without the bug reporter. Application will terminate with return code 0