Using pre-set license
Built from '2022.3/staging' branch; Version is '2022.3.22f1 (887be4894c44) revision 8944612'; Using compiler version '192829333'; Build Type 'Release'
OS: 'Windows 10  (10.0.19045) 64bit Professional' Language: 'ko' Physical Memory: 16213 MB
BatchMode: 1, IsHumanControllingUs: 0, StartBugReporterOnCrash: 0, Is64bit: 1, IsPro: 1

COMMAND LINE ARGUMENTS:
C:\Program Files\Unity\Hub\Editor\2022.3.22f1\Editor\Unity.exe
-adb2
-batchMode
-noUpm
-name
AssetImportWorker9
-projectPath
C:/Users/User/ProjectBasic
-logFile
Logs/AssetImportWorker9.log
-srvPort
51039
Successfully changed project path to: C:/Users/User/ProjectBasic
C:/Users/User/ProjectBasic
[UnityMemory] Configuration Parameters - Can be set up in boot.config
    "memorysetup-bucket-allocator-granularity=16"
    "memorysetup-bucket-allocator-bucket-count=8"
    "memorysetup-bucket-allocator-block-size=33554432"
    "memorysetup-bucket-allocator-block-count=8"
    "memorysetup-main-allocator-block-size=16777216"
    "memorysetup-thread-allocator-block-size=16777216"
    "memorysetup-gfx-main-allocator-block-size=16777216"
    "memorysetup-gfx-thread-allocator-block-size=16777216"
    "memorysetup-cache-allocator-block-size=4194304"
    "memorysetup-typetree-allocator-block-size=2097152"
    "memorysetup-profiler-bucket-allocator-granularity=16"
    "memorysetup-profiler-bucket-allocator-bucket-count=8"
    "memorysetup-profiler-bucket-allocator-block-size=33554432"
    "memorysetup-profiler-bucket-allocator-block-count=8"
    "memorysetup-profiler-allocator-block-size=16777216"
    "memorysetup-profiler-editor-allocator-block-size=1048576"
    "memorysetup-temp-allocator-size-main=16777216"
    "memorysetup-job-temp-allocator-block-size=2097152"
    "memorysetup-job-temp-allocator-block-size-background=1048576"
    "memorysetup-job-temp-allocator-reduction-small-platforms=262144"
    "memorysetup-allocator-temp-initial-block-size-main=262144"
    "memorysetup-allocator-temp-initial-block-size-worker=262144"
    "memorysetup-temp-allocator-size-background-worker=32768"
    "memorysetup-temp-allocator-size-job-worker=262144"
    "memorysetup-temp-allocator-size-preload-manager=33554432"
    "memorysetup-temp-allocator-size-nav-mesh-worker=65536"
    "memorysetup-temp-allocator-size-audio-worker=65536"
    "memorysetup-temp-allocator-size-cloud-worker=32768"
    "memorysetup-temp-allocator-size-gi-baking-worker=262144"
    "memorysetup-temp-allocator-size-gfx=262144"
Player connection [32868] Host "[IP] 192.168.0.40 [Port] 0 [Flags] 2 [Guid] 3958452298 [EditorId] 3958452298 [Version] 1048832 [Id] WindowsEditor(7,DESKTOP-7FL9E6G) [Debug] 1 [PackageName] WindowsEditor [ProjectName] Editor" joined multi-casting on [225.0.0.222:54997]...

Player connection [32868] Host "[IP] 192.168.0.40 [Port] 0 [Flags] 2 [Guid] 3958452298 [EditorId] 3958452298 [Version] 1048832 [Id] WindowsEditor(7,DESKTOP-7FL9E6G) [Debug] 1 [PackageName] WindowsEditor [ProjectName] Editor" joined alternative multi-casting on [225.0.0.222:34997]...

[Physics::Module] Initialized MultithreadedJobDispatcher with 19 workers.
Refreshing native plugins compatible for Editor in 15.49 ms, found 9 plugins.
Preloading 0 native plugins for Editor in 0.00 ms.
Initialize engine version: 2022.3.22f1 (887be4894c44)
[Subsystems] Discovering subsystems at path C:/Program Files/Unity/Hub/Editor/2022.3.22f1/Editor/Data/Resources/UnitySubsystems
[Subsystems] Discovering subsystems at path C:/Users/User/ProjectBasic/Assets
GfxDevice: creating device client; threaded=0; jobified=0
Direct3D:
    Version:  Direct3D 11.0 [level 11.1]
    Renderer: NVIDIA GeForce GTX 1660 SUPER (ID=0x21c4)
    Vendor:   NVIDIA
    VRAM:     5980 MB
    Driver:   31.0.15.3623
Initialize mono
Mono path[0] = 'C:/Program Files/Unity/Hub/Editor/2022.3.22f1/Editor/Data/Managed'
Mono path[1] = 'C:/Program Files/Unity/Hub/Editor/2022.3.22f1/Editor/Data/MonoBleedingEdge/lib/mono/unityjit-win32'
Mono config path = 'C:/Program Files/Unity/Hub/Editor/2022.3.22f1/Editor/Data/MonoBleedingEdge/etc'
Using monoOptions --debugger-agent=transport=dt_socket,embedding=1,server=y,suspend=n,address=127.0.0.1:56012
Begin MonoManager ReloadAssembly
Registering precompiled unity dll's ...
Register platform support module: C:/Program Files/Unity/Hub/Editor/2022.3.22f1/Editor/Data/PlaybackEngines/WebGLSupport/UnityEditor.WebGL.Extensions.dll
Register platform support module: C:/Program Files/Unity/Hub/Editor/2022.3.22f1/Editor/Data/PlaybackEngines/AndroidPlayer/UnityEditor.Android.Extensions.dll
Register platform support module: C:/Program Files/Unity/Hub/Editor/2022.3.22f1/Editor/Data/PlaybackEngines/WindowsStandaloneSupport/UnityEditor.WindowsStandalone.Extensions.dll
Registered in 0.012128 seconds.
- Loaded All Assemblies, in  0.453 seconds
Native extension for WindowsStandalone target not found
Native extension for Android target not found
Android Extension - Scanning For ADB Devices 244 ms
Native extension for WebGL target not found
Mono: successfully reloaded assembly
- Finished resetting the current domain, in  0.625 seconds
Domain Reload Profiling: 1077ms
	BeginReloadAssembly (139ms)
		ExecutionOrderSort (0ms)
		DisableScriptedObjects (0ms)
		BackupInstance (0ms)
		ReleaseScriptingObjects (0ms)
		CreateAndSetChildDomain (1ms)
	RebuildCommonClasses (36ms)
	RebuildNativeTypeToScriptingClass (12ms)
	initialDomainReloadingComplete (70ms)
	LoadAllAssembliesAndSetupDomain (193ms)
		LoadAssemblies (137ms)
		RebuildTransferFunctionScriptingTraits (0ms)
		AnalyzeDomain (190ms)
			TypeCache.Refresh (188ms)
				TypeCache.ScanAssembly (172ms)
			ScanForSourceGeneratedMonoScriptInfo (1ms)
			ResolveRequiredComponents (1ms)
	FinalizeReload (626ms)
		ReleaseScriptCaches (0ms)
		RebuildScriptCaches (0ms)
		SetupLoadedEditorAssemblies (556ms)
			LogAssemblyErrors (0ms)
			InitializePlatformSupportModulesInManaged (369ms)
			SetLoadedEditorAssemblies (4ms)
			RefreshPlugins (0ms)
			BeforeProcessingInitializeOnLoad (2ms)
			ProcessInitializeOnLoadAttributes (133ms)
			ProcessInitializeOnLoadMethodAttributes (48ms)
			AfterProcessingInitializeOnLoad (0ms)
			EditorAssembliesLoaded (0ms)
		ExecutionOrderSort2 (0ms)
		AwakeInstancesAfterBackupRestoration (0ms)
========================================================================
Worker process is ready to serve import requests
Begin MonoManager ReloadAssembly
- Loaded All Assemblies, in  0.814 seconds
Refreshing native plugins compatible for Editor in 7.70 ms, found 9 plugins.
Native extension for WindowsStandalone target not found
Native extension for Android target not found
Native extension for WebGL target not found
Package Manager log level set to [2]
[Package Manager] Server::EnsureServerProcessIsRunning -- launch failed, reason: Unity was launched with the -noUpm command-line argument
[Package Manager] UpmClient::Send -- Unable to send message (not connected to UPM process).
[Package Manager] Cannot connect to Unity Package Manager local server
Mono: successfully reloaded assembly
- Finished resetting the current domain, in  0.978 seconds
Domain Reload Profiling: 1787ms
	BeginReloadAssembly (139ms)
		ExecutionOrderSort (0ms)
		DisableScriptedObjects (7ms)
		BackupInstance (0ms)
		ReleaseScriptingObjects (0ms)
		CreateAndSetChildDomain (20ms)
	RebuildCommonClasses (37ms)
	RebuildNativeTypeToScriptingClass (12ms)
	initialDomainReloadingComplete (50ms)
	LoadAllAssembliesAndSetupDomain (570ms)
		LoadAssemblies (368ms)
		RebuildTransferFunctionScriptingTraits (0ms)
		AnalyzeDomain (273ms)
			TypeCache.Refresh (217ms)
				TypeCache.ScanAssembly (196ms)
			ScanForSourceGeneratedMonoScriptInfo (39ms)
			ResolveRequiredComponents (15ms)
	FinalizeReload (978ms)
		ReleaseScriptCaches (0ms)
		RebuildScriptCaches (0ms)
		SetupLoadedEditorAssemblies (748ms)
			LogAssemblyErrors (0ms)
			InitializePlatformSupportModulesInManaged (31ms)
			SetLoadedEditorAssemblies (7ms)
			RefreshPlugins (0ms)
			BeforeProcessingInitializeOnLoad (122ms)
			ProcessInitializeOnLoadAttributes (472ms)
			ProcessInitializeOnLoadMethodAttributes (105ms)
			AfterProcessingInitializeOnLoad (11ms)
			EditorAssembliesLoaded (0ms)
		ExecutionOrderSort2 (0ms)
		AwakeInstancesAfterBackupRestoration (7ms)
Launched and connected shader compiler UnityShaderCompiler.exe after 0.04 seconds
Refreshing native plugins compatible for Editor in 3.62 ms, found 9 plugins.
Preloading 0 native plugins for Editor in 0.00 ms.
Unloading 6381 Unused Serialized files (Serialized files now loaded: 0)
Unloading 131 unused Assets / (1.8 MB). Loaded Objects now: 6833.
Memory consumption went from 245.3 MB to 243.5 MB.
Total: 6.658200 ms (FindLiveObjects: 1.068100 ms CreateObjectMapping: 0.308100 ms MarkObjects: 4.247400 ms  DeleteObjects: 1.033300 ms)

AssetImportParameters requested are different than current active one (requested -> active):
  custom:container-demuxer-ogg: 62fdf1f143b41e24485cea50d1cbac27 -> 
  custom:video-decoder-ogg-theora: a1e56fd34408186e4bbccfd4996cb3dc -> 
  custom:scripting/monoscript/fileName/AnimationFList.cs: 908c9f63f274c70d8b39d2e9ce730ca5 -> 
  custom:framework-win-MediaFoundation: 216162199b28c13a410421893ffa2e32 -> 
  custom:scripting/monoscript/fileName/Move.cs: cf5c80ac67b5e36402195d2886e5c0fe -> 
  custom:CustomObjectIndexerAttribute: 72b91833f83ae208fae7752999fa3104 -> 
  custom:scripting/monoscript/fileName/ParallaxBehavior.cs: e07c2e636f792f17c00d4b6c52fd1ca7 -> 
  custom:container-demuxer-webm: 4f35f7cbe854078d1ac9338744f61a02 -> 
  custom:container-muxer-webm: aa71ff27fc2769a1b78a27578f13a17b -> 
  custom:video-decoder-webm-vp8: 9c59270c3fd7afecdb556c50c9e8de78 -> 
  custom:SearchIndexIgnoredProperties: e643bd26f0fe6173181afceb89e7c659 -> 
  custom:AudioImporter_EditorPlatform: d09bf68614088b80899f8185d706f6e7 -> 
  custom:video-encoder-webm-vp8: eb34c28f22e8b96e1ab97ce403110664 -> 
  custom:audio-decoder-ogg-vorbis: bf7c407c2cedff20999df2af8eb42d56 -> 
  custom:audio-encoder-webm-vorbis: bf7c407c2cedff20999df2af8eb42d56 -> 
  custom:scripting/monoscript/fileName/TrapControll.cs: c6f373f11a611787a9e2e271a72424a9 -> 
========================================================================
Received Import Request.
  Time since last request: 373250.943214 seconds.
  path: Assets/Free Asset - 2D Handcrafted Art/Sprite/Moss1/_4.png
  artifactKey: Guid(4c74376157b9a0e4eb6ad67e5fdbfd66) Importer(815301076,1909f56bfc062723c751e8b465ee728b)
Start importing Assets/Free Asset - 2D Handcrafted Art/Sprite/Moss1/_4.png using Guid(4c74376157b9a0e4eb6ad67e5fdbfd66) Importer(815301076,1909f56bfc062723c751e8b465ee728b)  -> (artifact id: '04171725ae5c817173ebab128e21f55d') in 0.132295 seconds
Number of updated asset objects reloaded before import = 0
Number of asset objects unloaded after import = 3
========================================================================
Received Import Request.
  Time since last request: 0.000024 seconds.
  path: Assets/Free Asset - 2D Handcrafted Art/Sprite/Moss1/_16.png
  artifactKey: Guid(fbc355887e6dbb94dbc0c54c7ad41094) Importer(815301076,1909f56bfc062723c751e8b465ee728b)
Start importing Assets/Free Asset - 2D Handcrafted Art/Sprite/Moss1/_16.png using Guid(fbc355887e6dbb94dbc0c54c7ad41094) Importer(815301076,1909f56bfc062723c751e8b465ee728b)  -> (artifact id: '2cf2b96322e4e69b3d880132b0cb7118') in 0.041354 seconds
Number of updated asset objects reloaded before import = 0
Number of asset objects unloaded after import = 3
========================================================================
Received Import Request.
  Time since last request: 0.001181 seconds.
  path: Assets/Free Asset - 2D Handcrafted Art/Sprite/Moss1/_47.png
  artifactKey: Guid(6f8b13ae9e155f54dbe66c711a98e704) Importer(815301076,1909f56bfc062723c751e8b465ee728b)
Start importing Assets/Free Asset - 2D Handcrafted Art/Sprite/Moss1/_47.png using Guid(6f8b13ae9e155f54dbe66c711a98e704) Importer(815301076,1909f56bfc062723c751e8b465ee728b)  -> (artifact id: '313907b5081e822fca7a15e1449fd5eb') in 0.036746 seconds
Number of updated asset objects reloaded before import = 0
Number of asset objects unloaded after import = 3
========================================================================
Received Import Request.
  Time since last request: 0.000100 seconds.
  path: Assets/Free Asset - 2D Handcrafted Art/Sprite/Moss1/_18.png
  artifactKey: Guid(8dbcc37db86b4214384af04f2e670505) Importer(815301076,1909f56bfc062723c751e8b465ee728b)
Start importing Assets/Free Asset - 2D Handcrafted Art/Sprite/Moss1/_18.png using Guid(8dbcc37db86b4214384af04f2e670505) Importer(815301076,1909f56bfc062723c751e8b465ee728b)  -> (artifact id: '9f209c7db878a4cd4776e219743d8bf2') in 0.039183 seconds
Number of updated asset objects reloaded before import = 0
Number of asset objects unloaded after import = 3
========================================================================
Received Import Request.
  Time since last request: 0.000018 seconds.
  path: Assets/Free Asset - 2D Handcrafted Art/Sprite/Moss1/_42.png
  artifactKey: Guid(a14e0a14ce657844993e1ec27d2e0766) Importer(815301076,1909f56bfc062723c751e8b465ee728b)
Start importing Assets/Free Asset - 2D Handcrafted Art/Sprite/Moss1/_42.png using Guid(a14e0a14ce657844993e1ec27d2e0766) Importer(815301076,1909f56bfc062723c751e8b465ee728b)  -> (artifact id: '3f8ecc04a62a078347c60aca29850976') in 0.046953 seconds
Number of updated asset objects reloaded before import = 0
Number of asset objects unloaded after import = 3
========================================================================
Received Import Request.
  Time since last request: 0.000025 seconds.
  path: Assets/Free Asset - 2D Handcrafted Art/Sprite/Moss1/_12.png
  artifactKey: Guid(627125bbd9e6a6342b12154e43833d36) Importer(815301076,1909f56bfc062723c751e8b465ee728b)
Start importing Assets/Free Asset - 2D Handcrafted Art/Sprite/Moss1/_12.png using Guid(627125bbd9e6a6342b12154e43833d36) Importer(815301076,1909f56bfc062723c751e8b465ee728b)  -> (artifact id: 'e1a985bdbb69cde33bf1c9ee0c46e63d') in 0.040284 seconds
Number of updated asset objects reloaded before import = 0
Number of asset objects unloaded after import = 3
========================================================================
Received Import Request.
  Time since last request: 0.000124 seconds.
  path: Assets/Free Asset - 2D Handcrafted Art/Sprite/Moss1/_14.png
  artifactKey: Guid(51dbfed3b08082946844d4359ee21e0a) Importer(815301076,1909f56bfc062723c751e8b465ee728b)
Start importing Assets/Free Asset - 2D Handcrafted Art/Sprite/Moss1/_14.png using Guid(51dbfed3b08082946844d4359ee21e0a) Importer(815301076,1909f56bfc062723c751e8b465ee728b)  -> (artifact id: 'f8f07b8929222ae32b8cd5b79f6b1296') in 0.039935 seconds
Number of updated asset objects reloaded before import = 0
Number of asset objects unloaded after import = 3
========================================================================
Received Import Request.
  Time since last request: 0.000266 seconds.
  path: Assets/Free Asset - 2D Handcrafted Art/Sprite/Moss1/_30.png
  artifactKey: Guid(de913edb7478e9744bef0214139ce5b8) Importer(815301076,1909f56bfc062723c751e8b465ee728b)
Start importing Assets/Free Asset - 2D Handcrafted Art/Sprite/Moss1/_30.png using Guid(de913edb7478e9744bef0214139ce5b8) Importer(815301076,1909f56bfc062723c751e8b465ee728b)  -> (artifact id: 'b024becffdf5d9eb71d2e356a2bd1131') in 0.025852 seconds
Number of updated asset objects reloaded before import = 0
Number of asset objects unloaded after import = 3
========================================================================
Received Import Request.
  Time since last request: 3.416524 seconds.
  path: Assets/Free Asset - 2D Handcrafted Art/Sprite/Moss2/Moss2-animation_4.png
  artifactKey: Guid(b233b1623c3953648bc851d7b5dc4710) Importer(815301076,1909f56bfc062723c751e8b465ee728b)
Start importing Assets/Free Asset - 2D Handcrafted Art/Sprite/Moss2/Moss2-animation_4.png using Guid(b233b1623c3953648bc851d7b5dc4710) Importer(815301076,1909f56bfc062723c751e8b465ee728b)  -> (artifact id: '6235d5ae185600fb2b468ec3cdb635e4') in 0.031305 seconds
Number of updated asset objects reloaded before import = 0
Number of asset objects unloaded after import = 3
========================================================================
Received Import Request.
  Time since last request: 0.000025 seconds.
  path: Assets/Free Asset - 2D Handcrafted Art/Sprite/Moss2/Moss2-animation_36.png
  artifactKey: Guid(b880259439593bc469129b66a03a0d1c) Importer(815301076,1909f56bfc062723c751e8b465ee728b)
Start importing Assets/Free Asset - 2D Handcrafted Art/Sprite/Moss2/Moss2-animation_36.png using Guid(b880259439593bc469129b66a03a0d1c) Importer(815301076,1909f56bfc062723c751e8b465ee728b)  -> (artifact id: '08db9951894df26b99ca24390f33f508') in 0.023327 seconds
Number of updated asset objects reloaded before import = 0
Number of asset objects unloaded after import = 3
========================================================================
Received Import Request.
  Time since last request: 0.000035 seconds.
  path: Assets/Free Asset - 2D Handcrafted Art/Sprite/Moss2/Moss2-animation_17.png
  artifactKey: Guid(8e8dd4488ac0eaa4ab696483aefdff78) Importer(815301076,1909f56bfc062723c751e8b465ee728b)
Start importing Assets/Free Asset - 2D Handcrafted Art/Sprite/Moss2/Moss2-animation_17.png using Guid(8e8dd4488ac0eaa4ab696483aefdff78) Importer(815301076,1909f56bfc062723c751e8b465ee728b)  -> (artifact id: '904ed5ca34ef78e8ecc485ae219588d8') in 0.025375 seconds
Number of updated asset objects reloaded before import = 0
Number of asset objects unloaded after import = 3
========================================================================
Received Import Request.
  Time since last request: 0.000020 seconds.
  path: Assets/Free Asset - 2D Handcrafted Art/Sprite/Moss2/Moss2-animation_51.png
  artifactKey: Guid(a60ffc80c8f04874a84af40e45304107) Importer(815301076,1909f56bfc062723c751e8b465ee728b)
Start importing Assets/Free Asset - 2D Handcrafted Art/Sprite/Moss2/Moss2-animation_51.png using Guid(a60ffc80c8f04874a84af40e45304107) Importer(815301076,1909f56bfc062723c751e8b465ee728b)  -> (artifact id: '3d330c77427c8c34dce481fe479dd701') in 0.027322 seconds
Number of updated asset objects reloaded before import = 0
Number of asset objects unloaded after import = 3
========================================================================
Received Import Request.
  Time since last request: 0.000025 seconds.
  path: Assets/Free Asset - 2D Handcrafted Art/Sprite/Moss2/Moss2-animation_5.png
  artifactKey: Guid(c62c0b826c6c2d54f8faaaa4c7c41b4f) Importer(815301076,1909f56bfc062723c751e8b465ee728b)
Start importing Assets/Free Asset - 2D Handcrafted Art/Sprite/Moss2/Moss2-animation_5.png using Guid(c62c0b826c6c2d54f8faaaa4c7c41b4f) Importer(815301076,1909f56bfc062723c751e8b465ee728b)  -> (artifact id: '7003c3609c0917247fcf9e8dd1f2b391') in 0.027540 seconds
Number of updated asset objects reloaded before import = 0
Number of asset objects unloaded after import = 3
========================================================================
Received Import Request.
  Time since last request: 0.000168 seconds.
  path: Assets/Free Asset - 2D Handcrafted Art/Sprite/Moss2/Moss2-animation_34.png
  artifactKey: Guid(78268c24ec9cb634ebec9b7168def420) Importer(815301076,1909f56bfc062723c751e8b465ee728b)
Start importing Assets/Free Asset - 2D Handcrafted Art/Sprite/Moss2/Moss2-animation_34.png using Guid(78268c24ec9cb634ebec9b7168def420) Importer(815301076,1909f56bfc062723c751e8b465ee728b)  -> (artifact id: '708ff2463cd982fbc5a6afb1ada12958') in 0.023901 seconds
Number of updated asset objects reloaded before import = 0
Number of asset objects unloaded after import = 3
========================================================================
Received Import Request.
  Time since last request: 0.000017 seconds.
  path: Assets/Free Asset - 2D Handcrafted Art/Sprite/Moss2/Moss2-animation_43.png
  artifactKey: Guid(4fc52de3814318c4fa78a35b7ea90208) Importer(815301076,1909f56bfc062723c751e8b465ee728b)
Start importing Assets/Free Asset - 2D Handcrafted Art/Sprite/Moss2/Moss2-animation_43.png using Guid(4fc52de3814318c4fa78a35b7ea90208) Importer(815301076,1909f56bfc062723c751e8b465ee728b)  -> (artifact id: 'f60726a08b30a4972bdf404bae90ddc8') in 0.029243 seconds
Number of updated asset objects reloaded before import = 0
Number of asset objects unloaded after import = 3
========================================================================
Received Import Request.
  Time since last request: 0.000019 seconds.
  path: Assets/Free Asset - 2D Handcrafted Art/Sprite/Moss2/Moss2-animation_12.png
  artifactKey: Guid(8f801f15b4e74db4382b14b5d5c07eac) Importer(815301076,1909f56bfc062723c751e8b465ee728b)
Start importing Assets/Free Asset - 2D Handcrafted Art/Sprite/Moss2/Moss2-animation_12.png using Guid(8f801f15b4e74db4382b14b5d5c07eac) Importer(815301076,1909f56bfc062723c751e8b465ee728b)  -> (artifact id: '5a5e47313342c4332520fa30f1003ff7') in 0.023910 seconds
Number of updated asset objects reloaded before import = 0
Number of asset objects unloaded after import = 3
========================================================================
Received Import Request.
  Time since last request: 0.000019 seconds.
  path: Assets/Free Asset - 2D Handcrafted Art/Sprite/Moss2/Moss2-animation_26.png
  artifactKey: Guid(63130f2b70e2f754ebafc12df430d587) Importer(815301076,1909f56bfc062723c751e8b465ee728b)
Start importing Assets/Free Asset - 2D Handcrafted Art/Sprite/Moss2/Moss2-animation_26.png using Guid(63130f2b70e2f754ebafc12df430d587) Importer(815301076,1909f56bfc062723c751e8b465ee728b)  -> (artifact id: 'a26463ba00609257ab892c675fb7e121') in 0.021286 seconds
Number of updated asset objects reloaded before import = 0
Number of asset objects unloaded after import = 3
========================================================================
Received Import Request.
  Time since last request: 0.000020 seconds.
  path: Assets/Free Asset - 2D Handcrafted Art/Sprite/Moss2/Moss2-animation_9.png
  artifactKey: Guid(ca9e1e7ea3054744dae6452f94a7a0d4) Importer(815301076,1909f56bfc062723c751e8b465ee728b)
Start importing Assets/Free Asset - 2D Handcrafted Art/Sprite/Moss2/Moss2-animation_9.png using Guid(ca9e1e7ea3054744dae6452f94a7a0d4) Importer(815301076,1909f56bfc062723c751e8b465ee728b)  -> (artifact id: '78a49018f785c85bbadb0b7c40109794') in 0.020515 seconds
Number of updated asset objects reloaded before import = 0
Number of asset objects unloaded after import = 3
========================================================================
Received Import Request.
  Time since last request: 0.490327 seconds.
  path: Assets/Free Asset - 2D Handcrafted Art/Sprite/Moss3/Moss3-animation_4.png
  artifactKey: Guid(eb586f4352c02894eb9b0b6e12c0f2f8) Importer(815301076,1909f56bfc062723c751e8b465ee728b)
Start importing Assets/Free Asset - 2D Handcrafted Art/Sprite/Moss3/Moss3-animation_4.png using Guid(eb586f4352c02894eb9b0b6e12c0f2f8) Importer(815301076,1909f56bfc062723c751e8b465ee728b)  -> (artifact id: '275ca2e43aee8d58771dcf760a26f5fb') in 0.031072 seconds
Number of updated asset objects reloaded before import = 0
Number of asset objects unloaded after import = 3
========================================================================
Received Import Request.
  Time since last request: 0.000613 seconds.
  path: Assets/Free Asset - 2D Handcrafted Art/Sprite/Moss3/Moss3-animation_21.png
  artifactKey: Guid(d76bbb2cc49f1ee40acc7b51baec421b) Importer(815301076,1909f56bfc062723c751e8b465ee728b)
Start importing Assets/Free Asset - 2D Handcrafted Art/Sprite/Moss3/Moss3-animation_21.png using Guid(d76bbb2cc49f1ee40acc7b51baec421b) Importer(815301076,1909f56bfc062723c751e8b465ee728b)  -> (artifact id: '398ee36e177b4f062b1a8cd58aa7212c') in 0.023937 seconds
Number of updated asset objects reloaded before import = 0
Number of asset objects unloaded after import = 3
========================================================================
Received Import Request.
  Time since last request: 0.000023 seconds.
  path: Assets/Free Asset - 2D Handcrafted Art/Sprite/Moss3/Moss3-animation_40.png
  artifactKey: Guid(31da8d7d1f1b44241897ada38ae65f30) Importer(815301076,1909f56bfc062723c751e8b465ee728b)
Start importing Assets/Free Asset - 2D Handcrafted Art/Sprite/Moss3/Moss3-animation_40.png using Guid(31da8d7d1f1b44241897ada38ae65f30) Importer(815301076,1909f56bfc062723c751e8b465ee728b)  -> (artifact id: '654476da902a29f06d53d650f75701b0') in 0.021758 seconds
Number of updated asset objects reloaded before import = 0
Number of asset objects unloaded after import = 3
========================================================================
Received Import Request.
  Time since last request: 0.000023 seconds.
  path: Assets/Free Asset - 2D Handcrafted Art/Sprite/Moss3/Moss3-animation_48.png
  artifactKey: Guid(c2f3b45fc9a40264d9aa8ce1ce1c65ac) Importer(815301076,1909f56bfc062723c751e8b465ee728b)
Start importing Assets/Free Asset - 2D Handcrafted Art/Sprite/Moss3/Moss3-animation_48.png using Guid(c2f3b45fc9a40264d9aa8ce1ce1c65ac) Importer(815301076,1909f56bfc062723c751e8b465ee728b)  -> (artifact id: '3cf757df621c440dce8a2e899ad63728') in 0.020748 seconds
Number of updated asset objects reloaded before import = 0
Number of asset objects unloaded after import = 3
========================================================================
Received Import Request.
  Time since last request: 0.000025 seconds.
  path: Assets/Free Asset - 2D Handcrafted Art/Sprite/Moss3/Moss3-animation_27.png
  artifactKey: Guid(49e0cd0d5e9ce58418288a9c73b40705) Importer(815301076,1909f56bfc062723c751e8b465ee728b)
Start importing Assets/Free Asset - 2D Handcrafted Art/Sprite/Moss3/Moss3-animation_27.png using Guid(49e0cd0d5e9ce58418288a9c73b40705) Importer(815301076,1909f56bfc062723c751e8b465ee728b)  -> (artifact id: '3913c176365c00fe7c0977925d96bf42') in 0.019807 seconds
Number of updated asset objects reloaded before import = 0
Number of asset objects unloaded after import = 3
========================================================================
Received Import Request.
  Time since last request: 0.000033 seconds.
  path: Assets/Free Asset - 2D Handcrafted Art/Sprite/Moss3/Moss3-animation_20.png
  artifactKey: Guid(d90cdac33d9a8c04cbf42a6fe0c0bd7a) Importer(815301076,1909f56bfc062723c751e8b465ee728b)
Start importing Assets/Free Asset - 2D Handcrafted Art/Sprite/Moss3/Moss3-animation_20.png using Guid(d90cdac33d9a8c04cbf42a6fe0c0bd7a) Importer(815301076,1909f56bfc062723c751e8b465ee728b)  -> (artifact id: 'a8c2227641c771db63949a0d20736b3c') in 0.023844 seconds
Number of updated asset objects reloaded before import = 0
Number of asset objects unloaded after import = 3
========================================================================
Received Import Request.
  Time since last request: 0.000481 seconds.
  path: Assets/Free Asset - 2D Handcrafted Art/Sprite/Moss3/Moss3-animation_45.png
  artifactKey: Guid(c51eb227304edc54a9c0de8f291f80ac) Importer(815301076,1909f56bfc062723c751e8b465ee728b)
Start importing Assets/Free Asset - 2D Handcrafted Art/Sprite/Moss3/Moss3-animation_45.png using Guid(c51eb227304edc54a9c0de8f291f80ac) Importer(815301076,1909f56bfc062723c751e8b465ee728b)  -> (artifact id: '5cd2b3f5b3fee50a6849cb0d7fbb09c8') in 0.032900 seconds
Number of updated asset objects reloaded before import = 0
Number of asset objects unloaded after import = 3
========================================================================
Received Import Request.
  Time since last request: 0.000126 seconds.
  path: Assets/Free Asset - 2D Handcrafted Art/Sprite/Moss3/Moss3-animation_42.png
  artifactKey: Guid(b101df636ad25f24cb41b775764f8c3a) Importer(815301076,1909f56bfc062723c751e8b465ee728b)
Start importing Assets/Free Asset - 2D Handcrafted Art/Sprite/Moss3/Moss3-animation_42.png using Guid(b101df636ad25f24cb41b775764f8c3a) Importer(815301076,1909f56bfc062723c751e8b465ee728b)  -> (artifact id: '4997fb025ad50e8661cf349eae2460a4') in 0.023580 seconds
Number of updated asset objects reloaded before import = 0
Number of asset objects unloaded after import = 3
========================================================================
Received Import Request.
  Time since last request: 0.000018 seconds.
  path: Assets/Free Asset - 2D Handcrafted Art/Sprite/Moss3/Moss3-animation_11.png
  artifactKey: Guid(e550176003cb5314e9eb4e65e33a3ded) Importer(815301076,1909f56bfc062723c751e8b465ee728b)
Start importing Assets/Free Asset - 2D Handcrafted Art/Sprite/Moss3/Moss3-animation_11.png using Guid(e550176003cb5314e9eb4e65e33a3ded) Importer(815301076,1909f56bfc062723c751e8b465ee728b)  -> (artifact id: 'cb8e514933b996d9d14bc177d4d712a8') in 0.020574 seconds
Number of updated asset objects reloaded before import = 0
Number of asset objects unloaded after import = 3
========================================================================
Received Import Request.
  Time since last request: 0.000016 seconds.
  path: Assets/Free Asset - 2D Handcrafted Art/Sprite/Moss3/Moss3-animation_49.png
  artifactKey: Guid(be2282aa0bd680f4cb794b86b95e96d3) Importer(815301076,1909f56bfc062723c751e8b465ee728b)
Start importing Assets/Free Asset - 2D Handcrafted Art/Sprite/Moss3/Moss3-animation_49.png using Guid(be2282aa0bd680f4cb794b86b95e96d3) Importer(815301076,1909f56bfc062723c751e8b465ee728b)  -> (artifact id: '5ea36925abdb147597426fed8a76f78d') in 0.019474 seconds
Number of updated asset objects reloaded before import = 0
Number of asset objects unloaded after import = 3
========================================================================
Received Import Request.
  Time since last request: 0.129120 seconds.
  path: Assets/Free Asset - 2D Handcrafted Art/Sprite/Surface1/Surface2-animation_4.png
  artifactKey: Guid(e7cf6a4b133dd8047a66bb934ca2d2c7) Importer(815301076,1909f56bfc062723c751e8b465ee728b)
Start importing Assets/Free Asset - 2D Handcrafted Art/Sprite/Surface1/Surface2-animation_4.png using Guid(e7cf6a4b133dd8047a66bb934ca2d2c7) Importer(815301076,1909f56bfc062723c751e8b465ee728b)  -> (artifact id: '182994fe1005f67df0b721edfc2b8e6d') in 0.028328 seconds
Number of updated asset objects reloaded before import = 0
Number of asset objects unloaded after import = 3
========================================================================
Received Import Request.
  Time since last request: 0.000050 seconds.
  path: Assets/Free Asset - 2D Handcrafted Art/Sprite/Surface1/Surface2-animation_43.png
  artifactKey: Guid(a9918a9cd1d71d14c9755d09eff10411) Importer(815301076,1909f56bfc062723c751e8b465ee728b)
Start importing Assets/Free Asset - 2D Handcrafted Art/Sprite/Surface1/Surface2-animation_43.png using Guid(a9918a9cd1d71d14c9755d09eff10411) Importer(815301076,1909f56bfc062723c751e8b465ee728b)  -> (artifact id: '7294f71d2d66c403aa89b6d06d05dcbf') in 0.024467 seconds
Number of updated asset objects reloaded before import = 0
Number of asset objects unloaded after import = 3
========================================================================
Received Import Request.
  Time since last request: 0.000107 seconds.
  path: Assets/Free Asset - 2D Handcrafted Art/Sprite/Surface1/Surface2-animation_40.png
  artifactKey: Guid(dc65be0a1fefcc846b3d330784027df8) Importer(815301076,1909f56bfc062723c751e8b465ee728b)
Start importing Assets/Free Asset - 2D Handcrafted Art/Sprite/Surface1/Surface2-animation_40.png using Guid(dc65be0a1fefcc846b3d330784027df8) Importer(815301076,1909f56bfc062723c751e8b465ee728b)  -> (artifact id: '45279eb99c6a87d4a6f1255fec92cf90') in 0.021086 seconds
Number of updated asset objects reloaded before import = 0
Number of asset objects unloaded after import = 3
========================================================================
Received Import Request.
  Time since last request: 0.000021 seconds.
  path: Assets/Free Asset - 2D Handcrafted Art/Sprite/Surface1/Surface2-animation_28.png
  artifactKey: Guid(1060f29f04cb45a42b8791a932ea3245) Importer(815301076,1909f56bfc062723c751e8b465ee728b)
Start importing Assets/Free Asset - 2D Handcrafted Art/Sprite/Surface1/Surface2-animation_28.png using Guid(1060f29f04cb45a42b8791a932ea3245) Importer(815301076,1909f56bfc062723c751e8b465ee728b)  -> (artifact id: '9a38ad4276e99ec20c924e9cbf61dd21') in 0.026960 seconds
Number of updated asset objects reloaded before import = 0
Number of asset objects unloaded after import = 3
========================================================================
Received Import Request.
  Time since last request: 0.000029 seconds.
  path: Assets/Free Asset - 2D Handcrafted Art/Sprite/Surface1/Surface2-animation_11.png
  artifactKey: Guid(9f24c43c10f28704db98d0b5524be0f5) Importer(815301076,1909f56bfc062723c751e8b465ee728b)
Start importing Assets/Free Asset - 2D Handcrafted Art/Sprite/Surface1/Surface2-animation_11.png using Guid(9f24c43c10f28704db98d0b5524be0f5) Importer(815301076,1909f56bfc062723c751e8b465ee728b)  -> (artifact id: '7d5692be98a4a5e326f916f9019309a6') in 0.030249 seconds
Number of updated asset objects reloaded before import = 0
Number of asset objects unloaded after import = 3
========================================================================
Received Import Request.
  Time since last request: 0.000032 seconds.
  path: Assets/Free Asset - 2D Handcrafted Art/Sprite/Surface1/Surface2-animation_35.png
  artifactKey: Guid(2e650ebb227d8854e8d559384c7531a5) Importer(815301076,1909f56bfc062723c751e8b465ee728b)
Start importing Assets/Free Asset - 2D Handcrafted Art/Sprite/Surface1/Surface2-animation_35.png using Guid(2e650ebb227d8854e8d559384c7531a5) Importer(815301076,1909f56bfc062723c751e8b465ee728b)  -> (artifact id: '74d759931cc108dcaa134de0227110d0') in 0.026645 seconds
Number of updated asset objects reloaded before import = 0
Number of asset objects unloaded after import = 3
========================================================================
Received Import Request.
  Time since last request: 0.000021 seconds.
  path: Assets/Free Asset - 2D Handcrafted Art/Sprite/Surface1/Surface2-animation_45.png
  artifactKey: Guid(6c67ebf51be58684698ffb1fc4bf433d) Importer(815301076,1909f56bfc062723c751e8b465ee728b)
Start importing Assets/Free Asset - 2D Handcrafted Art/Sprite/Surface1/Surface2-animation_45.png using Guid(6c67ebf51be58684698ffb1fc4bf433d) Importer(815301076,1909f56bfc062723c751e8b465ee728b)  -> (artifact id: 'acff8d9b2c454202c8066c7cb7811f95') in 0.027440 seconds
Number of updated asset objects reloaded before import = 0
Number of asset objects unloaded after import = 3
========================================================================
Received Import Request.
  Time since last request: 0.001786 seconds.
  path: Assets/Free Asset - 2D Handcrafted Art/Sprite/Surface1/Surface2-animation_7.png
  artifactKey: Guid(189a1b25c17dc354f927741d9bc83d51) Importer(815301076,1909f56bfc062723c751e8b465ee728b)
Start importing Assets/Free Asset - 2D Handcrafted Art/Sprite/Surface1/Surface2-animation_7.png using Guid(189a1b25c17dc354f927741d9bc83d51) Importer(815301076,1909f56bfc062723c751e8b465ee728b)  -> (artifact id: '0f553985e24872f7d46d1c2ac6ea2e65') in 0.020055 seconds
Number of updated asset objects reloaded before import = 0
Number of asset objects unloaded after import = 3
========================================================================
Received Import Request.
  Time since last request: 0.000023 seconds.
  path: Assets/Free Asset - 2D Handcrafted Art/Sprite/Surface1/Surface2-animation_12.png
  artifactKey: Guid(8dc872511dfda7243849870378338dbd) Importer(815301076,1909f56bfc062723c751e8b465ee728b)
Start importing Assets/Free Asset - 2D Handcrafted Art/Sprite/Surface1/Surface2-animation_12.png using Guid(8dc872511dfda7243849870378338dbd) Importer(815301076,1909f56bfc062723c751e8b465ee728b)  -> (artifact id: 'd1d6adb36987bfa4f8516ec194321eb0') in 0.020363 seconds
Number of updated asset objects reloaded before import = 0
Number of asset objects unloaded after import = 3
========================================================================
Received Prepare
Begin MonoManager ReloadAssembly
- Loaded All Assemblies, in  0.762 seconds
Refreshing native plugins compatible for Editor in 8.85 ms, found 9 plugins.
Native extension for WindowsStandalone target not found
Native extension for Android target not found
Native extension for WebGL target not found
[Package Manager] Server::EnsureServerProcessIsRunning -- launch failed, reason: Unity was launched with the -noUpm command-line argument
[Package Manager] UpmClient::Send -- Unable to send message (not connected to UPM process).
[Package Manager] Cannot connect to Unity Package Manager local server
Mono: successfully reloaded assembly
- Finished resetting the current domain, in  2.333 seconds
Domain Reload Profiling: 3091ms
	BeginReloadAssembly (219ms)
		ExecutionOrderSort (0ms)
		DisableScriptedObjects (17ms)
		BackupInstance (0ms)
		ReleaseScriptingObjects (0ms)
		CreateAndSetChildDomain (44ms)
	RebuildCommonClasses (38ms)
	RebuildNativeTypeToScriptingClass (15ms)
	initialDomainReloadingComplete (43ms)
	LoadAllAssembliesAndSetupDomain (443ms)
		LoadAssemblies (513ms)
		RebuildTransferFunctionScriptingTraits (0ms)
		AnalyzeDomain (46ms)
			TypeCache.Refresh (12ms)
				TypeCache.ScanAssembly (0ms)
			ScanForSourceGeneratedMonoScriptInfo (0ms)
			ResolveRequiredComponents (33ms)
	FinalizeReload (2334ms)
		ReleaseScriptCaches (0ms)
		RebuildScriptCaches (0ms)
		SetupLoadedEditorAssemblies (999ms)
			LogAssemblyErrors (0ms)
			InitializePlatformSupportModulesInManaged (42ms)
			SetLoadedEditorAssemblies (5ms)
			RefreshPlugins (0ms)
			BeforeProcessingInitializeOnLoad (129ms)
			ProcessInitializeOnLoadAttributes (659ms)
			ProcessInitializeOnLoadMethodAttributes (143ms)
			AfterProcessingInitializeOnLoad (21ms)
			EditorAssembliesLoaded (0ms)
		ExecutionOrderSort2 (0ms)
		AwakeInstancesAfterBackupRestoration (17ms)
Refreshing native plugins compatible for Editor in 10.38 ms, found 9 plugins.
Preloading 0 native plugins for Editor in 0.00 ms.
Unloading 6282 Unused Serialized files (Serialized files now loaded: 0)
Unloading 79 unused Assets / (1.9 MB). Loaded Objects now: 6861.
Memory consumption went from 222.7 MB to 220.9 MB.
Total: 7.535100 ms (FindLiveObjects: 1.493600 ms CreateObjectMapping: 0.446100 ms MarkObjects: 4.336400 ms  DeleteObjects: 1.257000 ms)

Prepare: number of updated asset objects reloaded= 0
AssetImportParameters requested are different than current active one (requested -> active):
  custom:container-demuxer-ogg: 62fdf1f143b41e24485cea50d1cbac27 -> 
  custom:video-decoder-ogg-theora: a1e56fd34408186e4bbccfd4996cb3dc -> 
  custom:scripting/monoscript/fileName/AnimationFList.cs: 908c9f63f274c70d8b39d2e9ce730ca5 -> 
  custom:framework-win-MediaFoundation: 216162199b28c13a410421893ffa2e32 -> 
  custom:scripting/monoscript/fileName/Move.cs: cf5c80ac67b5e36402195d2886e5c0fe -> 
  custom:CustomObjectIndexerAttribute: 72b91833f83ae208fae7752999fa3104 -> 
  custom:scripting/monoscript/fileName/ParallaxBehavior.cs: e07c2e636f792f17c00d4b6c52fd1ca7 -> 
  custom:container-demuxer-webm: 4f35f7cbe854078d1ac9338744f61a02 -> 
  custom:container-muxer-webm: aa71ff27fc2769a1b78a27578f13a17b -> 
  custom:video-decoder-webm-vp8: 9c59270c3fd7afecdb556c50c9e8de78 -> 
  custom:SearchIndexIgnoredProperties: e643bd26f0fe6173181afceb89e7c659 -> 
  custom:AudioImporter_EditorPlatform: d09bf68614088b80899f8185d706f6e7 -> 
  custom:video-encoder-webm-vp8: eb34c28f22e8b96e1ab97ce403110664 -> 
  custom:audio-decoder-ogg-vorbis: bf7c407c2cedff20999df2af8eb42d56 -> 
  custom:audio-encoder-webm-vorbis: bf7c407c2cedff20999df2af8eb42d56 -> 
  custom:scripting/monoscript/fileName/TrapControll.cs: c6f373f11a611787a9e2e271a72424a9 -> 
Editor requested this worker to shutdown with reason: Scaling down because of idle timeout
TcpMessagingSession - receive error: operation aborted. errorcode: 995, details: 스레드 종료 또는 응용 프로그램 요청 때문에 I/O 작업이 취소되었습니다.
AssetImportWorker is now disconnected from the server
Process exiting
Exiting without the bug reporter. Application will terminate with return code 0