Using pre-set license
Built from '2022.3/staging' branch; Version is '2022.3.22f1 (887be4894c44) revision 8944612'; Using compiler version '192829333'; Build Type 'Release'
OS: 'Windows 10  (10.0.19045) 64bit Professional' Language: 'ko' Physical Memory: 16213 MB
BatchMode: 1, IsHumanControllingUs: 0, StartBugReporterOnCrash: 0, Is64bit: 1, IsPro: 1

COMMAND LINE ARGUMENTS:
C:\Program Files\Unity\Hub\Editor\2022.3.22f1\Editor\Unity.exe
-adb2
-batchMode
-noUpm
-name
AssetImportWorker122
-projectPath
C:/Users/User/ProjectBasic
-logFile
Logs/AssetImportWorker122.log
-srvPort
54314
Successfully changed project path to: C:/Users/User/ProjectBasic
C:/Users/User/ProjectBasic
[UnityMemory] Configuration Parameters - Can be set up in boot.config
    "memorysetup-bucket-allocator-granularity=16"
    "memorysetup-bucket-allocator-bucket-count=8"
    "memorysetup-bucket-allocator-block-size=33554432"
    "memorysetup-bucket-allocator-block-count=8"
    "memorysetup-main-allocator-block-size=16777216"
    "memorysetup-thread-allocator-block-size=16777216"
    "memorysetup-gfx-main-allocator-block-size=16777216"
    "memorysetup-gfx-thread-allocator-block-size=16777216"
    "memorysetup-cache-allocator-block-size=4194304"
    "memorysetup-typetree-allocator-block-size=2097152"
    "memorysetup-profiler-bucket-allocator-granularity=16"
    "memorysetup-profiler-bucket-allocator-bucket-count=8"
    "memorysetup-profiler-bucket-allocator-block-size=33554432"
    "memorysetup-profiler-bucket-allocator-block-count=8"
    "memorysetup-profiler-allocator-block-size=16777216"
    "memorysetup-profiler-editor-allocator-block-size=1048576"
    "memorysetup-temp-allocator-size-main=16777216"
    "memorysetup-job-temp-allocator-block-size=2097152"
    "memorysetup-job-temp-allocator-block-size-background=1048576"
    "memorysetup-job-temp-allocator-reduction-small-platforms=262144"
    "memorysetup-allocator-temp-initial-block-size-main=262144"
    "memorysetup-allocator-temp-initial-block-size-worker=262144"
    "memorysetup-temp-allocator-size-background-worker=32768"
    "memorysetup-temp-allocator-size-job-worker=262144"
    "memorysetup-temp-allocator-size-preload-manager=33554432"
    "memorysetup-temp-allocator-size-nav-mesh-worker=65536"
    "memorysetup-temp-allocator-size-audio-worker=65536"
    "memorysetup-temp-allocator-size-cloud-worker=32768"
    "memorysetup-temp-allocator-size-gi-baking-worker=262144"
    "memorysetup-temp-allocator-size-gfx=262144"
Player connection [28892] Host "[IP] 192.168.0.47 [Port] 0 [Flags] 2 [Guid] 3269889315 [EditorId] 3269889315 [Version] 1048832 [Id] WindowsEditor(7,DESKTOP-7FL9E6G) [Debug] 1 [PackageName] WindowsEditor [ProjectName] Editor" joined multi-casting on [225.0.0.222:54997]...

Player connection [28892] Host "[IP] 192.168.0.47 [Port] 0 [Flags] 2 [Guid] 3269889315 [EditorId] 3269889315 [Version] 1048832 [Id] WindowsEditor(7,DESKTOP-7FL9E6G) [Debug] 1 [PackageName] WindowsEditor [ProjectName] Editor" joined alternative multi-casting on [225.0.0.222:34997]...

[Physics::Module] Initialized MultithreadedJobDispatcher with 19 workers.
mdb reader table full -> cleaning up stale readers. Current readers:
    pid     thread     txnid
     14156 6ffc -
     21260 4648 -
     14156 2e10 -
     10208 7440 -
     12180 2c84 -
     14156 6f54 -
     14156 2f24 -
     29308 2634 -
     11204 328c -
     31476 573c -
     19240 7194 -
      1704 47ec -
     21024 f24 -
     10952 3a38 -
      9212 4d50 -
      5316 1ed8 -
     17508 81a4 -
     12276 626c -
     24340 228c -
      4612 1660 -
     18424 2468 -
     27292 1b64 -
     11428 4e8 -
     23068 3d74 -
      4384 5ef0 -
     22236 6390 -
     26352 3b24 -
     10924 8370 -
     21124 7c30 -
     20692 40a8 -
     16248 71b8 -
      9116 6260 -
     22280 15c4 -
     19872 7918 -
     21584 6b90 -
     27324 2bf4 -
     33516 1db8 -
     12588 12e8 -
     33176 520 -
      8360 6cb4 -
     20988 4948 -
     24784 8220 -
     30020 7144 -
     29852 4620 -
     13760 100c -
     12888 1aa8 -
     24664 8184 -
     27032 80a8 -
     24516 145c -
     18080 3d9c -
      5808 3218 -
     28124 3478 -
     20536 4f54 -
     15028 4af4 -
     11224 578 -
     26976 5d78 -
      9860 1d1c -
     14912 58b8 -
     32132 1e2c -
     18444 3994 -
     18580 48e8 -
     18616 60a8 -
     33592 12b4 -
     32116 5be0 -
      2176 7238 -
     25568 4834 -
     33228 3504 -
     11312 5bb4 -
      7720 6754 -
     33404 7b1c -
     20984 434 -
      5960 b8c -
     20344 6dec -
     17596 6d44 -
      4704 5b84 -
     20880 52b8 -
     32304 1ea4 -
     26908 5418 -
     25644 6d68 -
     16692 30d4 -
     16760 5030 -
     30904 1644 -
     28896 938 -
     27988 67b4 -
      3168 5ce4 -
      6484 863c -
      7044 5fb0 -
     13160 2ba8 -
      3276 6014 -
      1000 569c -
      2500 3eec -
     14668 8604 -
     13124 8694 -
       328 4514 -
     17752 5834 -
      8164 6150 -
     27012 524 -
      7976 373c -
     36056 1324 -
      5260 5410 -
      6516 8aec -
      1880 8ec8 -
     19776 681c -
     32804 89ac -
     23416 354 -
     10188 7754 -
     36452 8c74 -
     14424 1b18 -
     29640 87d4 -
     37852 93f8 -
     12248 9658 -
     17380 3514 -
     36596 5dc -
     38596 3ee4 -
     15516 7834 -
     21872 8a90 -
     35400 8160 -
     16184 8c40 -
     36576 3a5c -
     32028 563c -
     31436 1d8c 27695
     36312 5614 -
     16340 3040 -
     34868 68c0 -
     32012 25dc -
     15416 9450 -
Cleaned out 120 stale readers
mdb reader table full -> cleaning up stale readers. Current readers:
    pid     thread     txnid
     14156 6ffc -
     29308 2634 -
     14156 6f54 -
     14156 2f24 -
     10208 7440 -
     12180 2c84 -
     14156 2e10 -
     11204 328c -
     31476 573c -
     21260 4648 -
     19240 7194 -
      1704 47ec -
     21024 f24 -
     10952 3a38 -
      9212 4d50 -
     12276 626c -
      5316 1ed8 -
     17508 81a4 -
     24340 228c -
      4612 1660 -
     18424 2468 -
     27292 1b64 -
     11428 4e8 -
     23068 3d74 -
      4384 5ef0 -
     22236 6390 -
     10924 8370 -
     21124 7c30 -
     20692 40a8 -
     19872 7918 -
     16248 71b8 -
      9116 6260 -
     22280 15c4 -
     21584 6b90 -
     27324 2bf4 -
      8360 6cb4 -
     33516 1db8 -
     12588 12e8 -
     33176 520 -
     24784 8220 -
     20988 4948 -
     26352 3b24 -
     30020 7144 -
     29852 4620 -
     13760 100c -
     12888 1aa8 -
     24664 8184 -
     24516 145c -
     18080 3d9c -
      5808 3218 -
     28124 3478 -
     20536 4f54 -
     15028 4af4 -
     14912 58b8 -
     11224 578 -
     26976 5d78 -
      9860 1d1c -
     32132 1e2c -
     18444 3994 -
     27032 80a8 -
     18580 48e8 -
     18616 60a8 -
     33592 12b4 -
     32116 5be0 -
      2176 7238 -
     33228 3504 -
     25568 4834 -
     11312 5bb4 -
     17596 6d44 -
     33404 7b1c -
      5960 b8c -
     20984 434 -
     20344 6dec -
      4704 5b84 -
     20880 52b8 -
     32304 1ea4 -
      7720 6754 -
     26908 5418 -
     25644 6d68 -
     16760 5030 -
     30904 1644 -
     28896 938 -
     27988 67b4 -
      3168 5ce4 -
      6484 863c -
      7044 5fb0 -
     13160 2ba8 -
      3276 6014 -
     13124 8694 -
      1000 569c -
      2500 3eec -
     14668 8604 -
       328 4514 -
     17752 5834 -
     16692 30d4 -
      8164 6150 -
     27012 524 -
     36056 1324 -
      5260 5410 -
      6516 8aec -
      7976 373c -
      1880 8ec8 -
     19776 681c -
     23416 354 -
     10188 7754 -
     36452 8c74 -
     32804 89ac -
     14424 1b18 -
     29640 87d4 -
     37852 93f8 -
     12248 9658 -
     17380 3514 -
     36596 5dc -
     15516 7834 -
     38596 3ee4 -
     21872 8a90 -
     16184 8c40 -
     35400 8160 -
     36576 3a5c -
     32028 563c -
     31436 1d8c 35482
     36312 5614 -
     16340 3040 -
     34868 68c0 -
     32012 25dc -
     15416 9450 -
Cleaned out 120 stale readers
Refreshing native plugins compatible for Editor in 18.05 ms, found 9 plugins.
Preloading 0 native plugins for Editor in 0.00 ms.
Initialize engine version: 2022.3.22f1 (887be4894c44)
[Subsystems] Discovering subsystems at path C:/Program Files/Unity/Hub/Editor/2022.3.22f1/Editor/Data/Resources/UnitySubsystems
[Subsystems] Discovering subsystems at path C:/Users/User/ProjectBasic/Assets
GfxDevice: creating device client; threaded=0; jobified=0
Direct3D:
    Version:  Direct3D 11.0 [level 11.1]
    Renderer: NVIDIA GeForce GTX 1660 SUPER (ID=0x21c4)
    Vendor:   NVIDIA
    VRAM:     5980 MB
    Driver:   31.0.15.3623
Initialize mono
Mono path[0] = 'C:/Program Files/Unity/Hub/Editor/2022.3.22f1/Editor/Data/Managed'
Mono path[1] = 'C:/Program Files/Unity/Hub/Editor/2022.3.22f1/Editor/Data/MonoBleedingEdge/lib/mono/unityjit-win32'
Mono config path = 'C:/Program Files/Unity/Hub/Editor/2022.3.22f1/Editor/Data/MonoBleedingEdge/etc'
Using monoOptions --debugger-agent=transport=dt_socket,embedding=1,server=y,suspend=n,address=127.0.0.1:56888
Begin MonoManager ReloadAssembly
Registering precompiled unity dll's ...
Register platform support module: C:/Program Files/Unity/Hub/Editor/2022.3.22f1/Editor/Data/PlaybackEngines/WebGLSupport/UnityEditor.WebGL.Extensions.dll
Register platform support module: C:/Program Files/Unity/Hub/Editor/2022.3.22f1/Editor/Data/PlaybackEngines/AndroidPlayer/UnityEditor.Android.Extensions.dll
Register platform support module: C:/Program Files/Unity/Hub/Editor/2022.3.22f1/Editor/Data/PlaybackEngines/WindowsStandaloneSupport/UnityEditor.WindowsStandalone.Extensions.dll
Registered in 0.012450 seconds.
- Loaded All Assemblies, in  0.586 seconds
Native extension for WindowsStandalone target not found
Native extension for Android target not found
Android Extension - Scanning For ADB Devices 254 ms
Native extension for WebGL target not found
Mono: successfully reloaded assembly
- Finished resetting the current domain, in  0.657 seconds
Domain Reload Profiling: 1242ms
	BeginReloadAssembly (146ms)
		ExecutionOrderSort (0ms)
		DisableScriptedObjects (0ms)
		BackupInstance (0ms)
		ReleaseScriptingObjects (0ms)
		CreateAndSetChildDomain (1ms)
	RebuildCommonClasses (50ms)
	RebuildNativeTypeToScriptingClass (17ms)
	initialDomainReloadingComplete (93ms)
	LoadAllAssembliesAndSetupDomain (278ms)
		LoadAssemblies (143ms)
		RebuildTransferFunctionScriptingTraits (0ms)
		AnalyzeDomain (276ms)
			TypeCache.Refresh (271ms)
				TypeCache.ScanAssembly (229ms)
			ScanForSourceGeneratedMonoScriptInfo (2ms)
			ResolveRequiredComponents (1ms)
	FinalizeReload (658ms)
		ReleaseScriptCaches (0ms)
		RebuildScriptCaches (0ms)
		SetupLoadedEditorAssemblies (589ms)
			LogAssemblyErrors (0ms)
			InitializePlatformSupportModulesInManaged (383ms)
			SetLoadedEditorAssemblies (4ms)
			RefreshPlugins (0ms)
			BeforeProcessingInitializeOnLoad (3ms)
			ProcessInitializeOnLoadAttributes (148ms)
			ProcessInitializeOnLoadMethodAttributes (51ms)
			AfterProcessingInitializeOnLoad (0ms)
			EditorAssembliesLoaded (0ms)
		ExecutionOrderSort2 (0ms)
		AwakeInstancesAfterBackupRestoration (0ms)
========================================================================
Worker process is ready to serve import requests
Begin MonoManager ReloadAssembly
- Loaded All Assemblies, in  1.041 seconds
Refreshing native plugins compatible for Editor in 8.54 ms, found 9 plugins.
Native extension for WindowsStandalone target not found
Native extension for Android target not found
Native extension for WebGL target not found
Package Manager log level set to [2]
[Package Manager] Server::EnsureServerProcessIsRunning -- launch failed, reason: Unity was launched with the -noUpm command-line argument
[Package Manager] UpmClient::Send -- Unable to send message (not connected to UPM process).
[Package Manager] Cannot connect to Unity Package Manager local server
Mono: successfully reloaded assembly
- Finished resetting the current domain, in  0.981 seconds
Domain Reload Profiling: 2017ms
	BeginReloadAssembly (178ms)
		ExecutionOrderSort (0ms)
		DisableScriptedObjects (7ms)
		BackupInstance (0ms)
		ReleaseScriptingObjects (0ms)
		CreateAndSetChildDomain (24ms)
	RebuildCommonClasses (41ms)
	RebuildNativeTypeToScriptingClass (14ms)
	initialDomainReloadingComplete (58ms)
	LoadAllAssembliesAndSetupDomain (744ms)
		LoadAssemblies (548ms)
		RebuildTransferFunctionScriptingTraits (0ms)
		AnalyzeDomain (290ms)
			TypeCache.Refresh (234ms)
				TypeCache.ScanAssembly (211ms)
			ScanForSourceGeneratedMonoScriptInfo (40ms)
			ResolveRequiredComponents (14ms)
	FinalizeReload (982ms)
		ReleaseScriptCaches (0ms)
		RebuildScriptCaches (0ms)
		SetupLoadedEditorAssemblies (762ms)
			LogAssemblyErrors (0ms)
			InitializePlatformSupportModulesInManaged (40ms)
			SetLoadedEditorAssemblies (6ms)
			RefreshPlugins (0ms)
			BeforeProcessingInitializeOnLoad (108ms)
			ProcessInitializeOnLoadAttributes (497ms)
			ProcessInitializeOnLoadMethodAttributes (100ms)
			AfterProcessingInitializeOnLoad (10ms)
			EditorAssembliesLoaded (0ms)
		ExecutionOrderSort2 (0ms)
		AwakeInstancesAfterBackupRestoration (7ms)
Launched and connected shader compiler UnityShaderCompiler.exe after 0.04 seconds
Refreshing native plugins compatible for Editor in 7.46 ms, found 9 plugins.
Preloading 0 native plugins for Editor in 0.00 ms.
Unloading 6768 Unused Serialized files (Serialized files now loaded: 0)
Unloading 138 unused Assets / (1.9 MB). Loaded Objects now: 7225.
Memory consumption went from 256.8 MB to 254.9 MB.
Total: 5.544500 ms (FindLiveObjects: 0.802500 ms CreateObjectMapping: 0.242000 ms MarkObjects: 3.545400 ms  DeleteObjects: 0.953200 ms)

AssetImportParameters requested are different than current active one (requested -> active):
  custom:container-demuxer-ogg: 62fdf1f143b41e24485cea50d1cbac27 -> 
  custom:framework-win-MediaFoundation: 216162199b28c13a410421893ffa2e32 -> 
  custom:container-muxer-webm: aa71ff27fc2769a1b78a27578f13a17b -> 
  custom:video-decoder-webm-vp8: 9c59270c3fd7afecdb556c50c9e8de78 -> 
  custom:SearchIndexIgnoredProperties: e643bd26f0fe6173181afceb89e7c659 -> 
  custom:AudioImporter_EditorPlatform: d09bf68614088b80899f8185d706f6e7 -> 
  custom:audio-decoder-ogg-vorbis: bf7c407c2cedff20999df2af8eb42d56 -> 
  custom:audio-encoder-webm-vorbis: bf7c407c2cedff20999df2af8eb42d56 -> 
  custom:video-decoder-ogg-theora: a1e56fd34408186e4bbccfd4996cb3dc -> 
  custom:CustomObjectIndexerAttribute: 72b91833f83ae208fae7752999fa3104 -> 
  custom:container-demuxer-webm: 4f35f7cbe854078d1ac9338744f61a02 -> 
  custom:video-encoder-webm-vp8: eb34c28f22e8b96e1ab97ce403110664 -> 
Editor requested this worker to shutdown with reason: Scaling down because of idle timeout
TcpMessagingSession - receive error: operation aborted. errorcode: 995, details: 스레드 종료 또는 응용 프로그램 요청 때문에 I/O 작업이 취소되었습니다.
AssetImportWorker is now disconnected from the server
Process exiting
Exiting without the bug reporter. Application will terminate with return code 0