Using pre-set license
Built from '2022.3/staging' branch; Version is '2022.3.22f1 (887be4894c44) revision 8944612'; Using compiler version '192829333'; Build Type 'Release'
OS: 'Windows 10  (10.0.19045) 64bit Professional' Language: 'ko' Physical Memory: 16213 MB
BatchMode: 1, IsHumanControllingUs: 0, StartBugReporterOnCrash: 0, Is64bit: 1, IsPro: 1

COMMAND LINE ARGUMENTS:
C:\Program Files\Unity\Hub\Editor\2022.3.22f1\Editor\Unity.exe
-adb2
-batchMode
-noUpm
-name
AssetImportWorker128
-projectPath
C:/Users/User/ProjectBasic
-logFile
Logs/AssetImportWorker128.log
-srvPort
54314
Successfully changed project path to: C:/Users/User/ProjectBasic
C:/Users/User/ProjectBasic
[UnityMemory] Configuration Parameters - Can be set up in boot.config
    "memorysetup-bucket-allocator-granularity=16"
    "memorysetup-bucket-allocator-bucket-count=8"
    "memorysetup-bucket-allocator-block-size=33554432"
    "memorysetup-bucket-allocator-block-count=8"
    "memorysetup-main-allocator-block-size=16777216"
    "memorysetup-thread-allocator-block-size=16777216"
    "memorysetup-gfx-main-allocator-block-size=16777216"
    "memorysetup-gfx-thread-allocator-block-size=16777216"
    "memorysetup-cache-allocator-block-size=4194304"
    "memorysetup-typetree-allocator-block-size=2097152"
    "memorysetup-profiler-bucket-allocator-granularity=16"
    "memorysetup-profiler-bucket-allocator-bucket-count=8"
    "memorysetup-profiler-bucket-allocator-block-size=33554432"
    "memorysetup-profiler-bucket-allocator-block-count=8"
    "memorysetup-profiler-allocator-block-size=16777216"
    "memorysetup-profiler-editor-allocator-block-size=1048576"
    "memorysetup-temp-allocator-size-main=16777216"
    "memorysetup-job-temp-allocator-block-size=2097152"
    "memorysetup-job-temp-allocator-block-size-background=1048576"
    "memorysetup-job-temp-allocator-reduction-small-platforms=262144"
    "memorysetup-allocator-temp-initial-block-size-main=262144"
    "memorysetup-allocator-temp-initial-block-size-worker=262144"
    "memorysetup-temp-allocator-size-background-worker=32768"
    "memorysetup-temp-allocator-size-job-worker=262144"
    "memorysetup-temp-allocator-size-preload-manager=33554432"
    "memorysetup-temp-allocator-size-nav-mesh-worker=65536"
    "memorysetup-temp-allocator-size-audio-worker=65536"
    "memorysetup-temp-allocator-size-cloud-worker=32768"
    "memorysetup-temp-allocator-size-gi-baking-worker=262144"
    "memorysetup-temp-allocator-size-gfx=262144"
Player connection [37504] Host "[IP] 192.168.0.47 [Port] 0 [Flags] 2 [Guid] 2002761808 [EditorId] 2002761808 [Version] 1048832 [Id] WindowsEditor(7,DESKTOP-7FL9E6G) [Debug] 1 [PackageName] WindowsEditor [ProjectName] Editor" joined multi-casting on [225.0.0.222:54997]...

Player connection [37504] Host "[IP] 192.168.0.47 [Port] 0 [Flags] 2 [Guid] 2002761808 [EditorId] 2002761808 [Version] 1048832 [Id] WindowsEditor(7,DESKTOP-7FL9E6G) [Debug] 1 [PackageName] WindowsEditor [ProjectName] Editor" joined alternative multi-casting on [225.0.0.222:34997]...

[Physics::Module] Initialized MultithreadedJobDispatcher with 19 workers.
Refreshing native plugins compatible for Editor in 17.13 ms, found 9 plugins.
Preloading 0 native plugins for Editor in 0.00 ms.
Initialize engine version: 2022.3.22f1 (887be4894c44)
[Subsystems] Discovering subsystems at path C:/Program Files/Unity/Hub/Editor/2022.3.22f1/Editor/Data/Resources/UnitySubsystems
[Subsystems] Discovering subsystems at path C:/Users/User/ProjectBasic/Assets
GfxDevice: creating device client; threaded=0; jobified=0
Direct3D:
    Version:  Direct3D 11.0 [level 11.1]
    Renderer: NVIDIA GeForce GTX 1660 SUPER (ID=0x21c4)
    Vendor:   NVIDIA
    VRAM:     5980 MB
    Driver:   31.0.15.3623
Initialize mono
Mono path[0] = 'C:/Program Files/Unity/Hub/Editor/2022.3.22f1/Editor/Data/Managed'
Mono path[1] = 'C:/Program Files/Unity/Hub/Editor/2022.3.22f1/Editor/Data/MonoBleedingEdge/lib/mono/unityjit-win32'
Mono config path = 'C:/Program Files/Unity/Hub/Editor/2022.3.22f1/Editor/Data/MonoBleedingEdge/etc'
Using monoOptions --debugger-agent=transport=dt_socket,embedding=1,server=y,suspend=n,address=127.0.0.1:56136
Begin MonoManager ReloadAssembly
Registering precompiled unity dll's ...
Register platform support module: C:/Program Files/Unity/Hub/Editor/2022.3.22f1/Editor/Data/PlaybackEngines/WebGLSupport/UnityEditor.WebGL.Extensions.dll
Register platform support module: C:/Program Files/Unity/Hub/Editor/2022.3.22f1/Editor/Data/PlaybackEngines/AndroidPlayer/UnityEditor.Android.Extensions.dll
Register platform support module: C:/Program Files/Unity/Hub/Editor/2022.3.22f1/Editor/Data/PlaybackEngines/WindowsStandaloneSupport/UnityEditor.WindowsStandalone.Extensions.dll
Registered in 0.012633 seconds.
- Loaded All Assemblies, in  0.642 seconds
Native extension for WindowsStandalone target not found
Native extension for Android target not found
Android Extension - Scanning For ADB Devices 229 ms
Native extension for WebGL target not found
Mono: successfully reloaded assembly
- Finished resetting the current domain, in  0.621 seconds
Domain Reload Profiling: 1260ms
	BeginReloadAssembly (141ms)
		ExecutionOrderSort (0ms)
		DisableScriptedObjects (0ms)
		BackupInstance (0ms)
		ReleaseScriptingObjects (0ms)
		CreateAndSetChildDomain (1ms)
	RebuildCommonClasses (48ms)
	RebuildNativeTypeToScriptingClass (30ms)
	initialDomainReloadingComplete (215ms)
	LoadAllAssembliesAndSetupDomain (205ms)
		LoadAssemblies (139ms)
		RebuildTransferFunctionScriptingTraits (0ms)
		AnalyzeDomain (193ms)
			TypeCache.Refresh (191ms)
				TypeCache.ScanAssembly (167ms)
			ScanForSourceGeneratedMonoScriptInfo (1ms)
			ResolveRequiredComponents (1ms)
	FinalizeReload (621ms)
		ReleaseScriptCaches (0ms)
		RebuildScriptCaches (0ms)
		SetupLoadedEditorAssemblies (547ms)
			LogAssemblyErrors (0ms)
			InitializePlatformSupportModulesInManaged (356ms)
			SetLoadedEditorAssemblies (4ms)
			RefreshPlugins (0ms)
			BeforeProcessingInitializeOnLoad (3ms)
			ProcessInitializeOnLoadAttributes (134ms)
			ProcessInitializeOnLoadMethodAttributes (50ms)
			AfterProcessingInitializeOnLoad (0ms)
			EditorAssembliesLoaded (0ms)
		ExecutionOrderSort2 (0ms)
		AwakeInstancesAfterBackupRestoration (0ms)
========================================================================
Worker process is ready to serve import requests
Begin MonoManager ReloadAssembly
- Loaded All Assemblies, in  0.870 seconds
Refreshing native plugins compatible for Editor in 8.95 ms, found 9 plugins.
Native extension for WindowsStandalone target not found
Native extension for Android target not found
Native extension for WebGL target not found
Package Manager log level set to [2]
[Package Manager] Server::EnsureServerProcessIsRunning -- launch failed, reason: Unity was launched with the -noUpm command-line argument
[Package Manager] UpmClient::Send -- Unable to send message (not connected to UPM process).
[Package Manager] Cannot connect to Unity Package Manager local server
Mono: successfully reloaded assembly
- Finished resetting the current domain, in  0.982 seconds
Domain Reload Profiling: 1848ms
	BeginReloadAssembly (173ms)
		ExecutionOrderSort (0ms)
		DisableScriptedObjects (6ms)
		BackupInstance (0ms)
		ReleaseScriptingObjects (0ms)
		CreateAndSetChildDomain (22ms)
	RebuildCommonClasses (35ms)
	RebuildNativeTypeToScriptingClass (13ms)
	initialDomainReloadingComplete (50ms)
	LoadAllAssembliesAndSetupDomain (596ms)
		LoadAssemblies (411ms)
		RebuildTransferFunctionScriptingTraits (0ms)
		AnalyzeDomain (283ms)
			TypeCache.Refresh (229ms)
				TypeCache.ScanAssembly (207ms)
			ScanForSourceGeneratedMonoScriptInfo (38ms)
			ResolveRequiredComponents (15ms)
	FinalizeReload (983ms)
		ReleaseScriptCaches (0ms)
		RebuildScriptCaches (0ms)
		SetupLoadedEditorAssemblies (758ms)
			LogAssemblyErrors (0ms)
			InitializePlatformSupportModulesInManaged (29ms)
			SetLoadedEditorAssemblies (6ms)
			RefreshPlugins (0ms)
			BeforeProcessingInitializeOnLoad (109ms)
			ProcessInitializeOnLoadAttributes (506ms)
			ProcessInitializeOnLoadMethodAttributes (99ms)
			AfterProcessingInitializeOnLoad (8ms)
			EditorAssembliesLoaded (0ms)
		ExecutionOrderSort2 (0ms)
		AwakeInstancesAfterBackupRestoration (7ms)
Launched and connected shader compiler UnityShaderCompiler.exe after 0.04 seconds
Refreshing native plugins compatible for Editor in 7.49 ms, found 9 plugins.
Preloading 0 native plugins for Editor in 0.00 ms.
Unloading 6768 Unused Serialized files (Serialized files now loaded: 0)
Unloading 138 unused Assets / (1.9 MB). Loaded Objects now: 7225.
Memory consumption went from 256.8 MB to 254.9 MB.
Total: 5.610000 ms (FindLiveObjects: 0.795100 ms CreateObjectMapping: 0.317300 ms MarkObjects: 3.549700 ms  DeleteObjects: 0.946900 ms)

AssetImportParameters requested are different than current active one (requested -> active):
  custom:container-demuxer-ogg: 62fdf1f143b41e24485cea50d1cbac27 -> 
  custom:framework-win-MediaFoundation: 216162199b28c13a410421893ffa2e32 -> 
  custom:container-muxer-webm: aa71ff27fc2769a1b78a27578f13a17b -> 
  custom:video-decoder-webm-vp8: 9c59270c3fd7afecdb556c50c9e8de78 -> 
  custom:SearchIndexIgnoredProperties: e643bd26f0fe6173181afceb89e7c659 -> 
  custom:AudioImporter_EditorPlatform: d09bf68614088b80899f8185d706f6e7 -> 
  custom:audio-decoder-ogg-vorbis: bf7c407c2cedff20999df2af8eb42d56 -> 
  custom:audio-encoder-webm-vorbis: bf7c407c2cedff20999df2af8eb42d56 -> 
  custom:video-decoder-ogg-theora: a1e56fd34408186e4bbccfd4996cb3dc -> 
  custom:CustomObjectIndexerAttribute: 72b91833f83ae208fae7752999fa3104 -> 
  custom:container-demuxer-webm: 4f35f7cbe854078d1ac9338744f61a02 -> 
  custom:video-encoder-webm-vp8: eb34c28f22e8b96e1ab97ce403110664 -> 
========================================================================
Received Import Request.
  Time since last request: 112949.862854 seconds.
  path: Assets/Prefab/Item/4_Item_0.prefab
  artifactKey: Guid(2518e2a09b504774eb489be239febdd3) Importer(815301076,1909f56bfc062723c751e8b465ee728b)
Start importing Assets/Prefab/Item/4_Item_0.prefab using Guid(2518e2a09b504774eb489be239febdd3) Importer(815301076,1909f56bfc062723c751e8b465ee728b)  -> (artifact id: 'b084e0fc4dfc1f73462b11b230c747ec') in 0.102000 seconds
Number of updated asset objects reloaded before import = 0
Number of asset objects unloaded after import = 11
========================================================================
Received Import Request.
  Time since last request: 0.000025 seconds.
  path: Assets/Prefab/Item/9_Item_1.prefab
  artifactKey: Guid(20f06ee544eb09d4ba2ef7bb16c0f927) Importer(815301076,1909f56bfc062723c751e8b465ee728b)
Start importing Assets/Prefab/Item/9_Item_1.prefab using Guid(20f06ee544eb09d4ba2ef7bb16c0f927) Importer(815301076,1909f56bfc062723c751e8b465ee728b)  -> (artifact id: 'e0050d344bc966827f5dd09eb9bdc3a7') in 0.020669 seconds
Number of updated asset objects reloaded before import = 0
Number of asset objects unloaded after import = 11
========================================================================
Received Import Request.
  Time since last request: 0.000281 seconds.
  path: Assets/Prefab/Item/16_Item_3.prefab
  artifactKey: Guid(69fea15c58507724aa857bf4d454b487) Importer(815301076,1909f56bfc062723c751e8b465ee728b)
Start importing Assets/Prefab/Item/16_Item_3.prefab using Guid(69fea15c58507724aa857bf4d454b487) Importer(815301076,1909f56bfc062723c751e8b465ee728b)  -> (artifact id: '92f7a79c26f7688a0c400ce9628104f2') in 0.011539 seconds
Number of updated asset objects reloaded before import = 0
Number of asset objects unloaded after import = 11
========================================================================
Received Import Request.
  Time since last request: 17.216816 seconds.
  path: Assets/Prefab/Item/4_Item_0.prefab
  artifactKey: Guid(2518e2a09b504774eb489be239febdd3) Importer(815301076,1909f56bfc062723c751e8b465ee728b)
Start importing Assets/Prefab/Item/4_Item_0.prefab using Guid(2518e2a09b504774eb489be239febdd3) Importer(815301076,1909f56bfc062723c751e8b465ee728b)  -> (artifact id: '1afdc4f951f7daf09300b15198398574') in 0.023700 seconds
Number of updated asset objects reloaded before import = 0
Number of asset objects unloaded after import = 11
========================================================================
Received Import Request.
  Time since last request: 0.000019 seconds.
  path: Assets/Prefab/Item/17_Item_3.prefab
  artifactKey: Guid(882658997e2f58f47886097fa1a21957) Importer(815301076,1909f56bfc062723c751e8b465ee728b)
Start importing Assets/Prefab/Item/17_Item_3.prefab using Guid(882658997e2f58f47886097fa1a21957) Importer(815301076,1909f56bfc062723c751e8b465ee728b)  -> (artifact id: '1d2fb65fbb5de625cfd4c01768fd9953') in 0.035959 seconds
Number of updated asset objects reloaded before import = 0
Number of asset objects unloaded after import = 11
========================================================================
Received Import Request.
  Time since last request: 0.000017 seconds.
  path: Assets/Prefab/Item/6_Item_1.prefab
  artifactKey: Guid(e1c3a5ddeb21d1a4cb833a5fe3cb5356) Importer(815301076,1909f56bfc062723c751e8b465ee728b)
Start importing Assets/Prefab/Item/6_Item_1.prefab using Guid(e1c3a5ddeb21d1a4cb833a5fe3cb5356) Importer(815301076,1909f56bfc062723c751e8b465ee728b)  -> (artifact id: 'f37ffe705b0e1e59970fb5c2f99e6614') in 0.012148 seconds
Number of updated asset objects reloaded before import = 0
Number of asset objects unloaded after import = 11
========================================================================
Received Import Request.
  Time since last request: 2.364939 seconds.
  path: Assets/Prefab/Item/4_Item_0.prefab
  artifactKey: Guid(2518e2a09b504774eb489be239febdd3) Importer(815301076,1909f56bfc062723c751e8b465ee728b)
Start importing Assets/Prefab/Item/4_Item_0.prefab using Guid(2518e2a09b504774eb489be239febdd3) Importer(815301076,1909f56bfc062723c751e8b465ee728b)  -> (artifact id: '1a7d0107a991350d28dcb2b45222895f') in 0.009699 seconds
Number of updated asset objects reloaded before import = 0
Number of asset objects unloaded after import = 11
========================================================================
Received Import Request.
  Time since last request: 0.000025 seconds.
  path: Assets/Prefab/Item/19_Item_4.prefab
  artifactKey: Guid(0b38fd55057f5114aba97f5d53c6e6ef) Importer(815301076,1909f56bfc062723c751e8b465ee728b)
Start importing Assets/Prefab/Item/19_Item_4.prefab using Guid(0b38fd55057f5114aba97f5d53c6e6ef) Importer(815301076,1909f56bfc062723c751e8b465ee728b)  -> (artifact id: 'ab0d96ba45eacd073e8a4514f85de637') in 0.019736 seconds
Number of updated asset objects reloaded before import = 0
Number of asset objects unloaded after import = 11
========================================================================
Received Import Request.
  Time since last request: 0.000020 seconds.
  path: Assets/Prefab/Item/9_Item_1.prefab
  artifactKey: Guid(20f06ee544eb09d4ba2ef7bb16c0f927) Importer(815301076,1909f56bfc062723c751e8b465ee728b)
Start importing Assets/Prefab/Item/9_Item_1.prefab using Guid(20f06ee544eb09d4ba2ef7bb16c0f927) Importer(815301076,1909f56bfc062723c751e8b465ee728b)  -> (artifact id: '4144b4b2438002283ba0f0a59e7895c3') in 0.022210 seconds
Number of updated asset objects reloaded before import = 0
Number of asset objects unloaded after import = 11
========================================================================
Received Import Request.
  Time since last request: 0.000022 seconds.
  path: Assets/Prefab/Item/6_Item_1.prefab
  artifactKey: Guid(e1c3a5ddeb21d1a4cb833a5fe3cb5356) Importer(815301076,1909f56bfc062723c751e8b465ee728b)
Start importing Assets/Prefab/Item/6_Item_1.prefab using Guid(e1c3a5ddeb21d1a4cb833a5fe3cb5356) Importer(815301076,1909f56bfc062723c751e8b465ee728b)  -> (artifact id: 'f416e3e2cd836086be6f3092acd9bf90') in 0.009993 seconds
Number of updated asset objects reloaded before import = 0
Number of asset objects unloaded after import = 11
========================================================================
Received Import Request.
  Time since last request: 0.000025 seconds.
  path: Assets/Prefab/Item/11_Item_1.prefab
  artifactKey: Guid(257c5cac5c8baad46b07c45fb0c0074b) Importer(815301076,1909f56bfc062723c751e8b465ee728b)
Start importing Assets/Prefab/Item/11_Item_1.prefab using Guid(257c5cac5c8baad46b07c45fb0c0074b) Importer(815301076,1909f56bfc062723c751e8b465ee728b)  -> (artifact id: '6b440d1cddcf0313b92aed7f10e243eb') in 0.008161 seconds
Number of updated asset objects reloaded before import = 0
Number of asset objects unloaded after import = 11
========================================================================
Received Import Request.
  Time since last request: 5.167231 seconds.
  path: Assets/Prefab/Item/4_Item_0.prefab
  artifactKey: Guid(2518e2a09b504774eb489be239febdd3) Importer(815301076,1909f56bfc062723c751e8b465ee728b)
Start importing Assets/Prefab/Item/4_Item_0.prefab using Guid(2518e2a09b504774eb489be239febdd3) Importer(815301076,1909f56bfc062723c751e8b465ee728b)  -> (artifact id: '393245cd88edb60ccf9f11e4b3414c8d') in 0.010258 seconds
Number of updated asset objects reloaded before import = 0
Number of asset objects unloaded after import = 11
========================================================================
Received Import Request.
  Time since last request: 0.000019 seconds.
  path: Assets/Prefab/Item/13_Item_2.prefab
  artifactKey: Guid(5b13f96ec7bc88d4a963ffff681435f7) Importer(815301076,1909f56bfc062723c751e8b465ee728b)
Start importing Assets/Prefab/Item/13_Item_2.prefab using Guid(5b13f96ec7bc88d4a963ffff681435f7) Importer(815301076,1909f56bfc062723c751e8b465ee728b)  -> (artifact id: '51ea900a6ae759653401d2d50f78145e') in 0.010379 seconds
Number of updated asset objects reloaded before import = 0
Number of asset objects unloaded after import = 11
========================================================================
Received Import Request.
  Time since last request: 0.000017 seconds.
  path: Assets/Prefab/Item/21_Item_6.prefab
  artifactKey: Guid(424839612fabb0e488766f3d1fe94cd4) Importer(815301076,1909f56bfc062723c751e8b465ee728b)
Start importing Assets/Prefab/Item/21_Item_6.prefab using Guid(424839612fabb0e488766f3d1fe94cd4) Importer(815301076,1909f56bfc062723c751e8b465ee728b)  -> (artifact id: '1cc6581261942f6e2104c9a2e5e4a623') in 0.010789 seconds
Number of updated asset objects reloaded before import = 0
Number of asset objects unloaded after import = 11
========================================================================
Received Import Request.
  Time since last request: 0.000022 seconds.
  path: Assets/Prefab/Item/20_Item_5.prefab
  artifactKey: Guid(c5f11149b06dad046937de2551d9dfe3) Importer(815301076,1909f56bfc062723c751e8b465ee728b)
Start importing Assets/Prefab/Item/20_Item_5.prefab using Guid(c5f11149b06dad046937de2551d9dfe3) Importer(815301076,1909f56bfc062723c751e8b465ee728b)  -> (artifact id: '1f56d65ab79f877bc62c236e782a0e3f') in 0.016122 seconds
Number of updated asset objects reloaded before import = 0
Number of asset objects unloaded after import = 11
========================================================================
Received Import Request.
  Time since last request: 0.000018 seconds.
  path: Assets/Prefab/Item/16_Item_3.prefab
  artifactKey: Guid(69fea15c58507724aa857bf4d454b487) Importer(815301076,1909f56bfc062723c751e8b465ee728b)
Start importing Assets/Prefab/Item/16_Item_3.prefab using Guid(69fea15c58507724aa857bf4d454b487) Importer(815301076,1909f56bfc062723c751e8b465ee728b)  -> (artifact id: '0af6e11747aa951a74cee9370f30ee32') in 0.010270 seconds
Number of updated asset objects reloaded before import = 0
Number of asset objects unloaded after import = 11
========================================================================
Received Import Request.
  Time since last request: 5.258154 seconds.
  path: Assets/Prefab/Item/4_Item_0.prefab
  artifactKey: Guid(2518e2a09b504774eb489be239febdd3) Importer(815301076,1909f56bfc062723c751e8b465ee728b)
Start importing Assets/Prefab/Item/4_Item_0.prefab using Guid(2518e2a09b504774eb489be239febdd3) Importer(815301076,1909f56bfc062723c751e8b465ee728b)  -> (artifact id: '6a119507bc22a453fdbc7c1e0f3424de') in 0.009701 seconds
Number of updated asset objects reloaded before import = 0
Number of asset objects unloaded after import = 11
========================================================================
Received Import Request.
  Time since last request: 0.000023 seconds.
  path: Assets/Prefab/Item/18_Item_4.prefab
  artifactKey: Guid(906796737b7035a498d01b5a36f1eace) Importer(815301076,1909f56bfc062723c751e8b465ee728b)
Start importing Assets/Prefab/Item/18_Item_4.prefab using Guid(906796737b7035a498d01b5a36f1eace) Importer(815301076,1909f56bfc062723c751e8b465ee728b)  -> (artifact id: 'f7a491b568a0d0c11016570e4ed62d1d') in 0.013735 seconds
Number of updated asset objects reloaded before import = 0
Number of asset objects unloaded after import = 11
========================================================================
Received Import Request.
  Time since last request: 0.000022 seconds.
  path: Assets/Prefab/Item/7_Item_1.prefab
  artifactKey: Guid(cd52c06d04f0e714db916463bb0c7320) Importer(815301076,1909f56bfc062723c751e8b465ee728b)
Start importing Assets/Prefab/Item/7_Item_1.prefab using Guid(cd52c06d04f0e714db916463bb0c7320) Importer(815301076,1909f56bfc062723c751e8b465ee728b)  -> (artifact id: '0af427eafe4953126529600a31ffa83a') in 0.022181 seconds
Number of updated asset objects reloaded before import = 0
Number of asset objects unloaded after import = 11
========================================================================
Received Import Request.
  Time since last request: 0.000021 seconds.
  path: Assets/Prefab/Item/5_Item_0.prefab
  artifactKey: Guid(d66f71cb5cbfe9b4ca73ed1419bd4e9b) Importer(815301076,1909f56bfc062723c751e8b465ee728b)
Start importing Assets/Prefab/Item/5_Item_0.prefab using Guid(d66f71cb5cbfe9b4ca73ed1419bd4e9b) Importer(815301076,1909f56bfc062723c751e8b465ee728b)  -> (artifact id: 'bccb48184b505deeda09a43d1b2e5340') in 0.010449 seconds
Number of updated asset objects reloaded before import = 0
Number of asset objects unloaded after import = 11
========================================================================
Received Import Request.
  Time since last request: 0.000019 seconds.
  path: Assets/Prefab/Item/11_Item_1.prefab
  artifactKey: Guid(257c5cac5c8baad46b07c45fb0c0074b) Importer(815301076,1909f56bfc062723c751e8b465ee728b)
Start importing Assets/Prefab/Item/11_Item_1.prefab using Guid(257c5cac5c8baad46b07c45fb0c0074b) Importer(815301076,1909f56bfc062723c751e8b465ee728b)  -> (artifact id: '39b0c6c3b80d8199d889a724f9dfd5c5') in 0.008103 seconds
Number of updated asset objects reloaded before import = 0
Number of asset objects unloaded after import = 11
========================================================================
Received Prepare
Begin MonoManager ReloadAssembly
- Loaded All Assemblies, in  0.834 seconds
Refreshing native plugins compatible for Editor in 25.45 ms, found 9 plugins.
Native extension for WindowsStandalone target not found
Native extension for Android target not found
Native extension for WebGL target not found
[Package Manager] Server::EnsureServerProcessIsRunning -- launch failed, reason: Unity was launched with the -noUpm command-line argument
[Package Manager] UpmClient::Send -- Unable to send message (not connected to UPM process).
[Package Manager] Cannot connect to Unity Package Manager local server
Mono: successfully reloaded assembly
- Finished resetting the current domain, in  1.952 seconds
Domain Reload Profiling: 2782ms
	BeginReloadAssembly (237ms)
		ExecutionOrderSort (0ms)
		DisableScriptedObjects (12ms)
		BackupInstance (0ms)
		ReleaseScriptingObjects (0ms)
		CreateAndSetChildDomain (54ms)
	RebuildCommonClasses (47ms)
	RebuildNativeTypeToScriptingClass (14ms)
	initialDomainReloadingComplete (53ms)
	LoadAllAssembliesAndSetupDomain (478ms)
		LoadAssemblies (534ms)
		RebuildTransferFunctionScriptingTraits (0ms)
		AnalyzeDomain (72ms)
			TypeCache.Refresh (19ms)
				TypeCache.ScanAssembly (1ms)
			ScanForSourceGeneratedMonoScriptInfo (35ms)
			ResolveRequiredComponents (17ms)
	FinalizeReload (1953ms)
		ReleaseScriptCaches (0ms)
		RebuildScriptCaches (0ms)
		SetupLoadedEditorAssemblies (885ms)
			LogAssemblyErrors (0ms)
			InitializePlatformSupportModulesInManaged (33ms)
			SetLoadedEditorAssemblies (10ms)
			RefreshPlugins (0ms)
			BeforeProcessingInitializeOnLoad (133ms)
			ProcessInitializeOnLoadAttributes (579ms)
			ProcessInitializeOnLoadMethodAttributes (122ms)
			AfterProcessingInitializeOnLoad (8ms)
			EditorAssembliesLoaded (0ms)
		ExecutionOrderSort2 (0ms)
		AwakeInstancesAfterBackupRestoration (17ms)
Refreshing native plugins compatible for Editor in 9.08 ms, found 9 plugins.
Preloading 0 native plugins for Editor in 0.00 ms.
Unloading 6669 Unused Serialized files (Serialized files now loaded: 0)
Unloading 80 unused Assets / (1.7 MB). Loaded Objects now: 7249.
Memory consumption went from 233.9 MB to 232.2 MB.
Total: 8.292400 ms (FindLiveObjects: 0.993100 ms CreateObjectMapping: 0.305900 ms MarkObjects: 5.910900 ms  DeleteObjects: 1.080500 ms)

Prepare: number of updated asset objects reloaded= 0
AssetImportParameters requested are different than current active one (requested -> active):
  custom:container-demuxer-ogg: 62fdf1f143b41e24485cea50d1cbac27 -> 
  custom:framework-win-MediaFoundation: 216162199b28c13a410421893ffa2e32 -> 
  custom:container-muxer-webm: aa71ff27fc2769a1b78a27578f13a17b -> 
  custom:video-decoder-webm-vp8: 9c59270c3fd7afecdb556c50c9e8de78 -> 
  custom:SearchIndexIgnoredProperties: e643bd26f0fe6173181afceb89e7c659 -> 
  custom:AudioImporter_EditorPlatform: d09bf68614088b80899f8185d706f6e7 -> 
  custom:audio-decoder-ogg-vorbis: bf7c407c2cedff20999df2af8eb42d56 -> 
  custom:audio-encoder-webm-vorbis: bf7c407c2cedff20999df2af8eb42d56 -> 
  custom:video-decoder-ogg-theora: a1e56fd34408186e4bbccfd4996cb3dc -> 
  custom:CustomObjectIndexerAttribute: 72b91833f83ae208fae7752999fa3104 -> 
  custom:container-demuxer-webm: 4f35f7cbe854078d1ac9338744f61a02 -> 
  custom:video-encoder-webm-vp8: eb34c28f22e8b96e1ab97ce403110664 -> 
========================================================================
Received Import Request.
  Time since last request: 72.399088 seconds.
  path: Assets/Prefab/Item/1_Item_0.prefab
  artifactKey: Guid(38930713af4dae94c8487e963710bd7a) Importer(815301076,1909f56bfc062723c751e8b465ee728b)
Start importing Assets/Prefab/Item/1_Item_0.prefab using Guid(38930713af4dae94c8487e963710bd7a) Importer(815301076,1909f56bfc062723c751e8b465ee728b)  -> (artifact id: '0feb9f83f10668015c18d3a4ba47f165') in 0.090885 seconds
Number of updated asset objects reloaded before import = 0
Number of asset objects unloaded after import = 11
========================================================================
Received Import Request.
  Time since last request: 0.000023 seconds.
  path: Assets/Prefab/Item/19_Item_4.prefab
  artifactKey: Guid(0b38fd55057f5114aba97f5d53c6e6ef) Importer(815301076,1909f56bfc062723c751e8b465ee728b)
Start importing Assets/Prefab/Item/19_Item_4.prefab using Guid(0b38fd55057f5114aba97f5d53c6e6ef) Importer(815301076,1909f56bfc062723c751e8b465ee728b)  -> (artifact id: '514b5156f462472e2c2bf0429e6ec817') in 0.013039 seconds
Number of updated asset objects reloaded before import = 0
Number of asset objects unloaded after import = 11
========================================================================
Received Import Request.
  Time since last request: 0.000017 seconds.
  path: Assets/Prefab/Item/13_Item_2.prefab
  artifactKey: Guid(5b13f96ec7bc88d4a963ffff681435f7) Importer(815301076,1909f56bfc062723c751e8b465ee728b)
Start importing Assets/Prefab/Item/13_Item_2.prefab using Guid(5b13f96ec7bc88d4a963ffff681435f7) Importer(815301076,1909f56bfc062723c751e8b465ee728b)  -> (artifact id: 'a217e49d0bdd133d977ea25a8f8a348a') in 0.008224 seconds
Number of updated asset objects reloaded before import = 0
Number of asset objects unloaded after import = 11
========================================================================
Received Import Request.
  Time since last request: 0.000021 seconds.
  path: Assets/Prefab/Item/10_Item_1.prefab
  artifactKey: Guid(21bb6cc102b6ea24dbcef235081503bc) Importer(815301076,1909f56bfc062723c751e8b465ee728b)
Start importing Assets/Prefab/Item/10_Item_1.prefab using Guid(21bb6cc102b6ea24dbcef235081503bc) Importer(815301076,1909f56bfc062723c751e8b465ee728b)  -> (artifact id: '396d0dd448f33283564c04ce043935a7') in 0.013767 seconds
Number of updated asset objects reloaded before import = 0
Number of asset objects unloaded after import = 11
========================================================================
Received Import Request.
  Time since last request: 0.000016 seconds.
  path: Assets/Prefab/Item/21_Item_6.prefab
  artifactKey: Guid(424839612fabb0e488766f3d1fe94cd4) Importer(815301076,1909f56bfc062723c751e8b465ee728b)
Start importing Assets/Prefab/Item/21_Item_6.prefab using Guid(424839612fabb0e488766f3d1fe94cd4) Importer(815301076,1909f56bfc062723c751e8b465ee728b)  -> (artifact id: 'f38add4381be5f3eed7bfda0f5048aaf') in 0.007807 seconds
Number of updated asset objects reloaded before import = 0
Number of asset objects unloaded after import = 11
========================================================================
Received Import Request.
  Time since last request: 0.000015 seconds.
  path: Assets/Prefab/Item/2_Item_0.prefab
  artifactKey: Guid(d4cd287ce56f7384fb111525ccf1d5d0) Importer(815301076,1909f56bfc062723c751e8b465ee728b)
Start importing Assets/Prefab/Item/2_Item_0.prefab using Guid(d4cd287ce56f7384fb111525ccf1d5d0) Importer(815301076,1909f56bfc062723c751e8b465ee728b)  -> (artifact id: 'e9c1ba35820424cfebe05dcd14f1fe7a') in 0.023642 seconds
Number of updated asset objects reloaded before import = 0
Number of asset objects unloaded after import = 11
========================================================================
Received Import Request.
  Time since last request: 0.000023 seconds.
  path: Assets/Prefab/Item/15_Item_2.prefab
  artifactKey: Guid(d5e127a0b831d98459475aa3b24ef4dc) Importer(815301076,1909f56bfc062723c751e8b465ee728b)
Start importing Assets/Prefab/Item/15_Item_2.prefab using Guid(d5e127a0b831d98459475aa3b24ef4dc) Importer(815301076,1909f56bfc062723c751e8b465ee728b)  -> (artifact id: '81bf4f257b8af052027068784771edce') in 0.013020 seconds
Number of updated asset objects reloaded before import = 0
Number of asset objects unloaded after import = 11
========================================================================
Received Import Request.
  Time since last request: 0.000023 seconds.
  path: Assets/Prefab/Item/5_Item_0.prefab
  artifactKey: Guid(d66f71cb5cbfe9b4ca73ed1419bd4e9b) Importer(815301076,1909f56bfc062723c751e8b465ee728b)
Start importing Assets/Prefab/Item/5_Item_0.prefab using Guid(d66f71cb5cbfe9b4ca73ed1419bd4e9b) Importer(815301076,1909f56bfc062723c751e8b465ee728b)  -> (artifact id: 'b0c1ded8dc90c4619f61465b5a0e39a7') in 0.007344 seconds
Number of updated asset objects reloaded before import = 0
Number of asset objects unloaded after import = 11
========================================================================
Received Import Request.
  Time since last request: 0.000015 seconds.
  path: Assets/Prefab/Item/6_Item_1.prefab
  artifactKey: Guid(e1c3a5ddeb21d1a4cb833a5fe3cb5356) Importer(815301076,1909f56bfc062723c751e8b465ee728b)
Start importing Assets/Prefab/Item/6_Item_1.prefab using Guid(e1c3a5ddeb21d1a4cb833a5fe3cb5356) Importer(815301076,1909f56bfc062723c751e8b465ee728b)  -> (artifact id: '4260f1a74d7ce821ddaec0ae6c402f63') in 0.007914 seconds
Number of updated asset objects reloaded before import = 0
Number of asset objects unloaded after import = 11
========================================================================
Received Import Request.
  Time since last request: 0.000017 seconds.
  path: Assets/Prefab/Item/16_Item_3.prefab
  artifactKey: Guid(69fea15c58507724aa857bf4d454b487) Importer(815301076,1909f56bfc062723c751e8b465ee728b)
Start importing Assets/Prefab/Item/16_Item_3.prefab using Guid(69fea15c58507724aa857bf4d454b487) Importer(815301076,1909f56bfc062723c751e8b465ee728b)  -> (artifact id: '09e66b10287cd61d2392952f439e7642') in 0.007674 seconds
Number of updated asset objects reloaded before import = 0
Number of asset objects unloaded after import = 11
========================================================================
Received Import Request.
  Time since last request: 0.000014 seconds.
  path: Assets/Prefab/Item/11_Item_1.prefab
  artifactKey: Guid(257c5cac5c8baad46b07c45fb0c0074b) Importer(815301076,1909f56bfc062723c751e8b465ee728b)
Start importing Assets/Prefab/Item/11_Item_1.prefab using Guid(257c5cac5c8baad46b07c45fb0c0074b) Importer(815301076,1909f56bfc062723c751e8b465ee728b)  -> (artifact id: 'b1116e6b27df19460309ccfe94b18666') in 0.007098 seconds
Number of updated asset objects reloaded before import = 0
Number of asset objects unloaded after import = 11
========================================================================
Received Prepare
Begin MonoManager ReloadAssembly
- Loaded All Assemblies, in  0.844 seconds
Refreshing native plugins compatible for Editor in 8.05 ms, found 9 plugins.
Native extension for WindowsStandalone target not found
Native extension for Android target not found
Native extension for WebGL target not found
[Package Manager] Server::EnsureServerProcessIsRunning -- launch failed, reason: Unity was launched with the -noUpm command-line argument
[Package Manager] UpmClient::Send -- Unable to send message (not connected to UPM process).
[Package Manager] Cannot connect to Unity Package Manager local server
Mono: successfully reloaded assembly
- Finished resetting the current domain, in  1.987 seconds
Domain Reload Profiling: 2823ms
	BeginReloadAssembly (247ms)
		ExecutionOrderSort (0ms)
		DisableScriptedObjects (13ms)
		BackupInstance (0ms)
		ReleaseScriptingObjects (0ms)
		CreateAndSetChildDomain (70ms)
	RebuildCommonClasses (42ms)
	RebuildNativeTypeToScriptingClass (14ms)
	initialDomainReloadingComplete (41ms)
	LoadAllAssembliesAndSetupDomain (492ms)
		LoadAssemblies (531ms)
		RebuildTransferFunctionScriptingTraits (0ms)
		AnalyzeDomain (80ms)
			TypeCache.Refresh (13ms)
				TypeCache.ScanAssembly (1ms)
			ScanForSourceGeneratedMonoScriptInfo (50ms)
			ResolveRequiredComponents (17ms)
	FinalizeReload (1987ms)
		ReleaseScriptCaches (0ms)
		RebuildScriptCaches (0ms)
		SetupLoadedEditorAssemblies (897ms)
			LogAssemblyErrors (0ms)
			InitializePlatformSupportModulesInManaged (30ms)
			SetLoadedEditorAssemblies (10ms)
			RefreshPlugins (0ms)
			BeforeProcessingInitializeOnLoad (138ms)
			ProcessInitializeOnLoadAttributes (583ms)
			ProcessInitializeOnLoadMethodAttributes (126ms)
			AfterProcessingInitializeOnLoad (8ms)
			EditorAssembliesLoaded (0ms)
		ExecutionOrderSort2 (0ms)
		AwakeInstancesAfterBackupRestoration (21ms)
Refreshing native plugins compatible for Editor in 7.64 ms, found 9 plugins.
Preloading 0 native plugins for Editor in 0.00 ms.
Unloading 6669 Unused Serialized files (Serialized files now loaded: 0)
Unloading 80 unused Assets / (1.8 MB). Loaded Objects now: 7265.
Memory consumption went from 236.0 MB to 234.2 MB.
Total: 9.456300 ms (FindLiveObjects: 0.873700 ms CreateObjectMapping: 0.264200 ms MarkObjects: 7.270800 ms  DeleteObjects: 1.046400 ms)

Prepare: number of updated asset objects reloaded= 0
AssetImportParameters requested are different than current active one (requested -> active):
  custom:container-demuxer-ogg: 62fdf1f143b41e24485cea50d1cbac27 -> 
  custom:framework-win-MediaFoundation: 216162199b28c13a410421893ffa2e32 -> 
  custom:container-muxer-webm: aa71ff27fc2769a1b78a27578f13a17b -> 
  custom:video-decoder-webm-vp8: 9c59270c3fd7afecdb556c50c9e8de78 -> 
  custom:SearchIndexIgnoredProperties: e643bd26f0fe6173181afceb89e7c659 -> 
  custom:AudioImporter_EditorPlatform: d09bf68614088b80899f8185d706f6e7 -> 
  custom:audio-decoder-ogg-vorbis: bf7c407c2cedff20999df2af8eb42d56 -> 
  custom:audio-encoder-webm-vorbis: bf7c407c2cedff20999df2af8eb42d56 -> 
  custom:video-decoder-ogg-theora: a1e56fd34408186e4bbccfd4996cb3dc -> 
  custom:CustomObjectIndexerAttribute: 72b91833f83ae208fae7752999fa3104 -> 
  custom:container-demuxer-webm: 4f35f7cbe854078d1ac9338744f61a02 -> 
  custom:video-encoder-webm-vp8: eb34c28f22e8b96e1ab97ce403110664 -> 
========================================================================
Received Import Request.
  Time since last request: 34.650033 seconds.
  path: Assets/Prefab/Item/4_Item_0.prefab
  artifactKey: Guid(2518e2a09b504774eb489be239febdd3) Importer(815301076,1909f56bfc062723c751e8b465ee728b)
Start importing Assets/Prefab/Item/4_Item_0.prefab using Guid(2518e2a09b504774eb489be239febdd3) Importer(815301076,1909f56bfc062723c751e8b465ee728b)  -> (artifact id: '92891552bb1e4bc76a8020683f43a1d2') in 0.090534 seconds
Number of updated asset objects reloaded before import = 0
Number of asset objects unloaded after import = 11
========================================================================
Received Import Request.
  Time since last request: 0.000024 seconds.
  path: Assets/Prefab/Item/19_Item_4.prefab
  artifactKey: Guid(0b38fd55057f5114aba97f5d53c6e6ef) Importer(815301076,1909f56bfc062723c751e8b465ee728b)
Start importing Assets/Prefab/Item/19_Item_4.prefab using Guid(0b38fd55057f5114aba97f5d53c6e6ef) Importer(815301076,1909f56bfc062723c751e8b465ee728b)  -> (artifact id: 'fbec9fd4f9c615401e8e6d1fb30ec442') in 0.018400 seconds
Number of updated asset objects reloaded before import = 0
Number of asset objects unloaded after import = 11
========================================================================
Received Import Request.
  Time since last request: 0.000036 seconds.
  path: Assets/Prefab/Item/10_Item_1.prefab
  artifactKey: Guid(21bb6cc102b6ea24dbcef235081503bc) Importer(815301076,1909f56bfc062723c751e8b465ee728b)
Start importing Assets/Prefab/Item/10_Item_1.prefab using Guid(21bb6cc102b6ea24dbcef235081503bc) Importer(815301076,1909f56bfc062723c751e8b465ee728b)  -> (artifact id: '8f9340b97c94d6d729c1b155f8dd3b83') in 0.019564 seconds
Number of updated asset objects reloaded before import = 0
Number of asset objects unloaded after import = 11
========================================================================
Received Import Request.
  Time since last request: 0.000021 seconds.
  path: Assets/Prefab/Item/14_Item_2.prefab
  artifactKey: Guid(2724f5ace3be3854f9339ee8bb2deabf) Importer(815301076,1909f56bfc062723c751e8b465ee728b)
Start importing Assets/Prefab/Item/14_Item_2.prefab using Guid(2724f5ace3be3854f9339ee8bb2deabf) Importer(815301076,1909f56bfc062723c751e8b465ee728b)  -> (artifact id: 'a3ac1a2402d647050a3f0515677bc653') in 0.021495 seconds
Number of updated asset objects reloaded before import = 0
Number of asset objects unloaded after import = 11
========================================================================
Received Import Request.
  Time since last request: 11.767788 seconds.
  path: Assets/Prefab/Item/4_Item_0.prefab
  artifactKey: Guid(2518e2a09b504774eb489be239febdd3) Importer(815301076,1909f56bfc062723c751e8b465ee728b)
Start importing Assets/Prefab/Item/4_Item_0.prefab using Guid(2518e2a09b504774eb489be239febdd3) Importer(815301076,1909f56bfc062723c751e8b465ee728b)  -> (artifact id: 'f577d34f1228bc34fbc15d1e481e9318') in 0.020098 seconds
Number of updated asset objects reloaded before import = 0
Number of asset objects unloaded after import = 11
========================================================================
Received Import Request.
  Time since last request: 0.000017 seconds.
  path: Assets/Prefab/Item/18_Item_4.prefab
  artifactKey: Guid(906796737b7035a498d01b5a36f1eace) Importer(815301076,1909f56bfc062723c751e8b465ee728b)
Start importing Assets/Prefab/Item/18_Item_4.prefab using Guid(906796737b7035a498d01b5a36f1eace) Importer(815301076,1909f56bfc062723c751e8b465ee728b)  -> (artifact id: 'eeae58901ce13b88cc8f6e51f6a29fa3') in 0.012608 seconds
Number of updated asset objects reloaded before import = 0
Number of asset objects unloaded after import = 11
========================================================================
Received Import Request.
  Time since last request: 0.000028 seconds.
  path: Assets/Prefab/Item/7_Item_1.prefab
  artifactKey: Guid(cd52c06d04f0e714db916463bb0c7320) Importer(815301076,1909f56bfc062723c751e8b465ee728b)
Start importing Assets/Prefab/Item/7_Item_1.prefab using Guid(cd52c06d04f0e714db916463bb0c7320) Importer(815301076,1909f56bfc062723c751e8b465ee728b)  -> (artifact id: 'c9ce4c8118c33f770f831133beecc3e6') in 0.023038 seconds
Number of updated asset objects reloaded before import = 0
Number of asset objects unloaded after import = 11
========================================================================
Received Import Request.
  Time since last request: 0.000488 seconds.
  path: Assets/Prefab/Item/5_Item_0.prefab
  artifactKey: Guid(d66f71cb5cbfe9b4ca73ed1419bd4e9b) Importer(815301076,1909f56bfc062723c751e8b465ee728b)
Start importing Assets/Prefab/Item/5_Item_0.prefab using Guid(d66f71cb5cbfe9b4ca73ed1419bd4e9b) Importer(815301076,1909f56bfc062723c751e8b465ee728b)  -> (artifact id: 'a241109daf2eda71e6bab906d1005482') in 0.008937 seconds
Number of updated asset objects reloaded before import = 0
Number of asset objects unloaded after import = 11
========================================================================
Received Import Request.
  Time since last request: 0.000023 seconds.
  path: Assets/Prefab/Item/11_Item_1.prefab
  artifactKey: Guid(257c5cac5c8baad46b07c45fb0c0074b) Importer(815301076,1909f56bfc062723c751e8b465ee728b)
Start importing Assets/Prefab/Item/11_Item_1.prefab using Guid(257c5cac5c8baad46b07c45fb0c0074b) Importer(815301076,1909f56bfc062723c751e8b465ee728b)  -> (artifact id: 'e42d50775b83500a4612a3d7f2295d9a') in 0.008143 seconds
Number of updated asset objects reloaded before import = 0
Number of asset objects unloaded after import = 11
========================================================================
Received Import Request.
  Time since last request: 212.884318 seconds.
  path: Assets/Prefab/Item/1_Item_0.prefab
  artifactKey: Guid(38930713af4dae94c8487e963710bd7a) Importer(815301076,1909f56bfc062723c751e8b465ee728b)
Start importing Assets/Prefab/Item/1_Item_0.prefab using Guid(38930713af4dae94c8487e963710bd7a) Importer(815301076,1909f56bfc062723c751e8b465ee728b)  -> (artifact id: '0afeb47790cf0c638709c33d63e020a0') in 0.072539 seconds
Number of updated asset objects reloaded before import = 0
Number of asset objects unloaded after import = 11
========================================================================
Received Import Request.
  Time since last request: 0.000028 seconds.
  path: Assets/Prefab/Item/18_Item_4.prefab
  artifactKey: Guid(906796737b7035a498d01b5a36f1eace) Importer(815301076,1909f56bfc062723c751e8b465ee728b)
Start importing Assets/Prefab/Item/18_Item_4.prefab using Guid(906796737b7035a498d01b5a36f1eace) Importer(815301076,1909f56bfc062723c751e8b465ee728b)  -> (artifact id: 'deba347e25d2097db9ca8c17186f91e8') in 0.007956 seconds
Number of updated asset objects reloaded before import = 0
Number of asset objects unloaded after import = 11
========================================================================
Received Import Request.
  Time since last request: 0.000024 seconds.
  path: Assets/Prefab/Item/17_Item_3.prefab
  artifactKey: Guid(882658997e2f58f47886097fa1a21957) Importer(815301076,1909f56bfc062723c751e8b465ee728b)
Start importing Assets/Prefab/Item/17_Item_3.prefab using Guid(882658997e2f58f47886097fa1a21957) Importer(815301076,1909f56bfc062723c751e8b465ee728b)  -> (artifact id: 'be59f4f2082d48fc76382c8bd8a8806e') in 0.008109 seconds
Number of updated asset objects reloaded before import = 0
Number of asset objects unloaded after import = 11
========================================================================
Received Import Request.
  Time since last request: 0.000048 seconds.
  path: Assets/Prefab/Item/7_Item_1.prefab
  artifactKey: Guid(cd52c06d04f0e714db916463bb0c7320) Importer(815301076,1909f56bfc062723c751e8b465ee728b)
Start importing Assets/Prefab/Item/7_Item_1.prefab using Guid(cd52c06d04f0e714db916463bb0c7320) Importer(815301076,1909f56bfc062723c751e8b465ee728b)  -> (artifact id: 'c445a0ef688ae676314b0869577832b3') in 0.013578 seconds
Number of updated asset objects reloaded before import = 0
Number of asset objects unloaded after import = 11
========================================================================
Received Import Request.
  Time since last request: 0.000019 seconds.
  path: Assets/Prefab/Item/9_Item_1.prefab
  artifactKey: Guid(20f06ee544eb09d4ba2ef7bb16c0f927) Importer(815301076,1909f56bfc062723c751e8b465ee728b)
Start importing Assets/Prefab/Item/9_Item_1.prefab using Guid(20f06ee544eb09d4ba2ef7bb16c0f927) Importer(815301076,1909f56bfc062723c751e8b465ee728b)  -> (artifact id: '5332b7a85680fa8fd0d016f158b31ede') in 0.012115 seconds
Number of updated asset objects reloaded before import = 0
Number of asset objects unloaded after import = 11
========================================================================
Received Import Request.
  Time since last request: 0.000020 seconds.
  path: Assets/Prefab/Item/4_Item_0.prefab
  artifactKey: Guid(2518e2a09b504774eb489be239febdd3) Importer(815301076,1909f56bfc062723c751e8b465ee728b)
Start importing Assets/Prefab/Item/4_Item_0.prefab using Guid(2518e2a09b504774eb489be239febdd3) Importer(815301076,1909f56bfc062723c751e8b465ee728b)  -> (artifact id: 'ef73554bbe435140a1b726548153b004') in 0.007665 seconds
Number of updated asset objects reloaded before import = 0
Number of asset objects unloaded after import = 11
========================================================================
Received Import Request.
  Time since last request: 0.000020 seconds.
  path: Assets/Prefab/Item/20_Item_5.prefab
  artifactKey: Guid(c5f11149b06dad046937de2551d9dfe3) Importer(815301076,1909f56bfc062723c751e8b465ee728b)
Start importing Assets/Prefab/Item/20_Item_5.prefab using Guid(c5f11149b06dad046937de2551d9dfe3) Importer(815301076,1909f56bfc062723c751e8b465ee728b)  -> (artifact id: 'f815aa18008aba6dc6085eb13287f5dd') in 0.007388 seconds
Number of updated asset objects reloaded before import = 0
Number of asset objects unloaded after import = 11
========================================================================
Received Import Request.
  Time since last request: 0.000018 seconds.
  path: Assets/Prefab/Item/5_Item_0.prefab
  artifactKey: Guid(d66f71cb5cbfe9b4ca73ed1419bd4e9b) Importer(815301076,1909f56bfc062723c751e8b465ee728b)
Start importing Assets/Prefab/Item/5_Item_0.prefab using Guid(d66f71cb5cbfe9b4ca73ed1419bd4e9b) Importer(815301076,1909f56bfc062723c751e8b465ee728b)  -> (artifact id: '9719b3a0f3c115467179eec7a51d04c8') in 0.009350 seconds
Number of updated asset objects reloaded before import = 0
Number of asset objects unloaded after import = 11
========================================================================
Received Import Request.
  Time since last request: 0.000021 seconds.
  path: Assets/Prefab/Item/3_Item_0.prefab
  artifactKey: Guid(269a919a456ec8d4a911d0d9f67ff407) Importer(815301076,1909f56bfc062723c751e8b465ee728b)
Start importing Assets/Prefab/Item/3_Item_0.prefab using Guid(269a919a456ec8d4a911d0d9f67ff407) Importer(815301076,1909f56bfc062723c751e8b465ee728b)  -> (artifact id: 'c81e47e866f1d12b190c9c6bcd6723ea') in 0.013617 seconds
Number of updated asset objects reloaded before import = 0
Number of asset objects unloaded after import = 11
========================================================================
Received Import Request.
  Time since last request: 0.000019 seconds.
  path: Assets/Prefab/Item/8_Item_1.prefab
  artifactKey: Guid(0fd8f0845414ab4458cd2b80037e1440) Importer(815301076,1909f56bfc062723c751e8b465ee728b)
Start importing Assets/Prefab/Item/8_Item_1.prefab using Guid(0fd8f0845414ab4458cd2b80037e1440) Importer(815301076,1909f56bfc062723c751e8b465ee728b)  -> (artifact id: 'a0859c93c0b67c0e6427d602a866c402') in 0.007750 seconds
Number of updated asset objects reloaded before import = 0
Number of asset objects unloaded after import = 11
Editor requested this worker to shutdown with reason: Scaling down because of idle timeout
TcpMessagingSession - receive error: operation aborted. errorcode: 995, details: 스레드 종료 또는 응용 프로그램 요청 때문에 I/O 작업이 취소되었습니다.
AssetImportWorker is now disconnected from the server
Process exiting
Exiting without the bug reporter. Application will terminate with return code 0