Using pre-set license
Built from '2022.3/staging' branch; Version is '2022.3.22f1 (887be4894c44) revision 8944612'; Using compiler version '192829333'; Build Type 'Release'
OS: 'Windows 10  (10.0.19045) 64bit Professional' Language: 'ko' Physical Memory: 16213 MB
BatchMode: 1, IsHumanControllingUs: 0, StartBugReporterOnCrash: 0, Is64bit: 1, IsPro: 1

COMMAND LINE ARGUMENTS:
C:\Program Files\Unity\Hub\Editor\2022.3.22f1\Editor\Unity.exe
-adb2
-batchMode
-noUpm
-name
AssetImportWorker10
-projectPath
C:/Users/User/ProjectBasic
-logFile
Logs/AssetImportWorker10.log
-srvPort
51039
Successfully changed project path to: C:/Users/User/ProjectBasic
C:/Users/User/ProjectBasic
[UnityMemory] Configuration Parameters - Can be set up in boot.config
    "memorysetup-bucket-allocator-granularity=16"
    "memorysetup-bucket-allocator-bucket-count=8"
    "memorysetup-bucket-allocator-block-size=33554432"
    "memorysetup-bucket-allocator-block-count=8"
    "memorysetup-main-allocator-block-size=16777216"
    "memorysetup-thread-allocator-block-size=16777216"
    "memorysetup-gfx-main-allocator-block-size=16777216"
    "memorysetup-gfx-thread-allocator-block-size=16777216"
    "memorysetup-cache-allocator-block-size=4194304"
    "memorysetup-typetree-allocator-block-size=2097152"
    "memorysetup-profiler-bucket-allocator-granularity=16"
    "memorysetup-profiler-bucket-allocator-bucket-count=8"
    "memorysetup-profiler-bucket-allocator-block-size=33554432"
    "memorysetup-profiler-bucket-allocator-block-count=8"
    "memorysetup-profiler-allocator-block-size=16777216"
    "memorysetup-profiler-editor-allocator-block-size=1048576"
    "memorysetup-temp-allocator-size-main=16777216"
    "memorysetup-job-temp-allocator-block-size=2097152"
    "memorysetup-job-temp-allocator-block-size-background=1048576"
    "memorysetup-job-temp-allocator-reduction-small-platforms=262144"
    "memorysetup-allocator-temp-initial-block-size-main=262144"
    "memorysetup-allocator-temp-initial-block-size-worker=262144"
    "memorysetup-temp-allocator-size-background-worker=32768"
    "memorysetup-temp-allocator-size-job-worker=262144"
    "memorysetup-temp-allocator-size-preload-manager=33554432"
    "memorysetup-temp-allocator-size-nav-mesh-worker=65536"
    "memorysetup-temp-allocator-size-audio-worker=65536"
    "memorysetup-temp-allocator-size-cloud-worker=32768"
    "memorysetup-temp-allocator-size-gi-baking-worker=262144"
    "memorysetup-temp-allocator-size-gfx=262144"
Player connection [35028] Host "[IP] 192.168.0.40 [Port] 0 [Flags] 2 [Guid] 4113690115 [EditorId] 4113690115 [Version] 1048832 [Id] WindowsEditor(7,DESKTOP-7FL9E6G) [Debug] 1 [PackageName] WindowsEditor [ProjectName] Editor" joined multi-casting on [225.0.0.222:54997]...

Player connection [35028] Host "[IP] 192.168.0.40 [Port] 0 [Flags] 2 [Guid] 4113690115 [EditorId] 4113690115 [Version] 1048832 [Id] WindowsEditor(7,DESKTOP-7FL9E6G) [Debug] 1 [PackageName] WindowsEditor [ProjectName] Editor" joined alternative multi-casting on [225.0.0.222:34997]...

[Physics::Module] Initialized MultithreadedJobDispatcher with 19 workers.
Refreshing native plugins compatible for Editor in 15.44 ms, found 9 plugins.
Preloading 0 native plugins for Editor in 0.00 ms.
Initialize engine version: 2022.3.22f1 (887be4894c44)
[Subsystems] Discovering subsystems at path C:/Program Files/Unity/Hub/Editor/2022.3.22f1/Editor/Data/Resources/UnitySubsystems
[Subsystems] Discovering subsystems at path C:/Users/User/ProjectBasic/Assets
GfxDevice: creating device client; threaded=0; jobified=0
Direct3D:
    Version:  Direct3D 11.0 [level 11.1]
    Renderer: NVIDIA GeForce GTX 1660 SUPER (ID=0x21c4)
    Vendor:   NVIDIA
    VRAM:     5980 MB
    Driver:   31.0.15.3623
Initialize mono
Mono path[0] = 'C:/Program Files/Unity/Hub/Editor/2022.3.22f1/Editor/Data/Managed'
Mono path[1] = 'C:/Program Files/Unity/Hub/Editor/2022.3.22f1/Editor/Data/MonoBleedingEdge/lib/mono/unityjit-win32'
Mono config path = 'C:/Program Files/Unity/Hub/Editor/2022.3.22f1/Editor/Data/MonoBleedingEdge/etc'
Using monoOptions --debugger-agent=transport=dt_socket,embedding=1,server=y,suspend=n,address=127.0.0.1:56528
Begin MonoManager ReloadAssembly
Registering precompiled unity dll's ...
Register platform support module: C:/Program Files/Unity/Hub/Editor/2022.3.22f1/Editor/Data/PlaybackEngines/WebGLSupport/UnityEditor.WebGL.Extensions.dll
Register platform support module: C:/Program Files/Unity/Hub/Editor/2022.3.22f1/Editor/Data/PlaybackEngines/AndroidPlayer/UnityEditor.Android.Extensions.dll
Register platform support module: C:/Program Files/Unity/Hub/Editor/2022.3.22f1/Editor/Data/PlaybackEngines/WindowsStandaloneSupport/UnityEditor.WindowsStandalone.Extensions.dll
Registered in 0.012281 seconds.
- Loaded All Assemblies, in  0.435 seconds
Native extension for WindowsStandalone target not found
Native extension for Android target not found
Android Extension - Scanning For ADB Devices 228 ms
Native extension for WebGL target not found
Mono: successfully reloaded assembly
- Finished resetting the current domain, in  0.627 seconds
Domain Reload Profiling: 1060ms
	BeginReloadAssembly (142ms)
		ExecutionOrderSort (0ms)
		DisableScriptedObjects (0ms)
		BackupInstance (0ms)
		ReleaseScriptingObjects (0ms)
		CreateAndSetChildDomain (1ms)
	RebuildCommonClasses (40ms)
	RebuildNativeTypeToScriptingClass (13ms)
	initialDomainReloadingComplete (70ms)
	LoadAllAssembliesAndSetupDomain (168ms)
		LoadAssemblies (138ms)
		RebuildTransferFunctionScriptingTraits (0ms)
		AnalyzeDomain (166ms)
			TypeCache.Refresh (164ms)
				TypeCache.ScanAssembly (147ms)
			ScanForSourceGeneratedMonoScriptInfo (0ms)
			ResolveRequiredComponents (1ms)
	FinalizeReload (628ms)
		ReleaseScriptCaches (0ms)
		RebuildScriptCaches (0ms)
		SetupLoadedEditorAssemblies (551ms)
			LogAssemblyErrors (0ms)
			InitializePlatformSupportModulesInManaged (359ms)
			SetLoadedEditorAssemblies (4ms)
			RefreshPlugins (0ms)
			BeforeProcessingInitializeOnLoad (2ms)
			ProcessInitializeOnLoadAttributes (134ms)
			ProcessInitializeOnLoadMethodAttributes (51ms)
			AfterProcessingInitializeOnLoad (0ms)
			EditorAssembliesLoaded (0ms)
		ExecutionOrderSort2 (0ms)
		AwakeInstancesAfterBackupRestoration (0ms)
========================================================================
Worker process is ready to serve import requests
Begin MonoManager ReloadAssembly
- Loaded All Assemblies, in  0.824 seconds
Refreshing native plugins compatible for Editor in 7.74 ms, found 9 plugins.
Native extension for WindowsStandalone target not found
Native extension for Android target not found
Native extension for WebGL target not found
Package Manager log level set to [2]
[Package Manager] Server::EnsureServerProcessIsRunning -- launch failed, reason: Unity was launched with the -noUpm command-line argument
[Package Manager] UpmClient::Send -- Unable to send message (not connected to UPM process).
[Package Manager] Cannot connect to Unity Package Manager local server
Mono: successfully reloaded assembly
- Finished resetting the current domain, in  0.949 seconds
Domain Reload Profiling: 1769ms
	BeginReloadAssembly (146ms)
		ExecutionOrderSort (0ms)
		DisableScriptedObjects (6ms)
		BackupInstance (0ms)
		ReleaseScriptingObjects (0ms)
		CreateAndSetChildDomain (20ms)
	RebuildCommonClasses (36ms)
	RebuildNativeTypeToScriptingClass (12ms)
	initialDomainReloadingComplete (49ms)
	LoadAllAssembliesAndSetupDomain (576ms)
		LoadAssemblies (381ms)
		RebuildTransferFunctionScriptingTraits (0ms)
		AnalyzeDomain (277ms)
			TypeCache.Refresh (223ms)
				TypeCache.ScanAssembly (200ms)
			ScanForSourceGeneratedMonoScriptInfo (37ms)
			ResolveRequiredComponents (15ms)
	FinalizeReload (949ms)
		ReleaseScriptCaches (0ms)
		RebuildScriptCaches (0ms)
		SetupLoadedEditorAssemblies (738ms)
			LogAssemblyErrors (0ms)
			InitializePlatformSupportModulesInManaged (30ms)
			SetLoadedEditorAssemblies (4ms)
			RefreshPlugins (0ms)
			BeforeProcessingInitializeOnLoad (111ms)
			ProcessInitializeOnLoadAttributes (474ms)
			ProcessInitializeOnLoadMethodAttributes (111ms)
			AfterProcessingInitializeOnLoad (8ms)
			EditorAssembliesLoaded (0ms)
		ExecutionOrderSort2 (0ms)
		AwakeInstancesAfterBackupRestoration (7ms)
Launched and connected shader compiler UnityShaderCompiler.exe after 0.04 seconds
Refreshing native plugins compatible for Editor in 8.44 ms, found 9 plugins.
Preloading 0 native plugins for Editor in 0.00 ms.
Unloading 6381 Unused Serialized files (Serialized files now loaded: 0)
Unloading 131 unused Assets / (1.8 MB). Loaded Objects now: 6833.
Memory consumption went from 245.5 MB to 243.7 MB.
Total: 5.675700 ms (FindLiveObjects: 0.836000 ms CreateObjectMapping: 0.274300 ms MarkObjects: 3.536700 ms  DeleteObjects: 1.027200 ms)

AssetImportParameters requested are different than current active one (requested -> active):
  custom:container-demuxer-ogg: 62fdf1f143b41e24485cea50d1cbac27 -> 
  custom:video-decoder-ogg-theora: a1e56fd34408186e4bbccfd4996cb3dc -> 
  custom:scripting/monoscript/fileName/AnimationFList.cs: 908c9f63f274c70d8b39d2e9ce730ca5 -> 
  custom:framework-win-MediaFoundation: 216162199b28c13a410421893ffa2e32 -> 
  custom:scripting/monoscript/fileName/Move.cs: cf5c80ac67b5e36402195d2886e5c0fe -> 
  custom:CustomObjectIndexerAttribute: 72b91833f83ae208fae7752999fa3104 -> 
  custom:scripting/monoscript/fileName/ParallaxBehavior.cs: e07c2e636f792f17c00d4b6c52fd1ca7 -> 
  custom:container-demuxer-webm: 4f35f7cbe854078d1ac9338744f61a02 -> 
  custom:container-muxer-webm: aa71ff27fc2769a1b78a27578f13a17b -> 
  custom:video-decoder-webm-vp8: 9c59270c3fd7afecdb556c50c9e8de78 -> 
  custom:SearchIndexIgnoredProperties: e643bd26f0fe6173181afceb89e7c659 -> 
  custom:AudioImporter_EditorPlatform: d09bf68614088b80899f8185d706f6e7 -> 
  custom:video-encoder-webm-vp8: eb34c28f22e8b96e1ab97ce403110664 -> 
  custom:audio-decoder-ogg-vorbis: bf7c407c2cedff20999df2af8eb42d56 -> 
  custom:audio-encoder-webm-vorbis: bf7c407c2cedff20999df2af8eb42d56 -> 
  custom:scripting/monoscript/fileName/TrapControll.cs: c6f373f11a611787a9e2e271a72424a9 -> 
========================================================================
Received Import Request.
  Time since last request: 373250.943183 seconds.
  path: Assets/Free Asset - 2D Handcrafted Art/Sprite/Moss1/_3.png
  artifactKey: Guid(5e1f6a06a98919146a02b9ecc3272bf3) Importer(815301076,1909f56bfc062723c751e8b465ee728b)
Start importing Assets/Free Asset - 2D Handcrafted Art/Sprite/Moss1/_3.png using Guid(5e1f6a06a98919146a02b9ecc3272bf3) Importer(815301076,1909f56bfc062723c751e8b465ee728b)  -> (artifact id: '590a5be59c01c13267b3a02bb14723aa') in 0.106561 seconds
Number of updated asset objects reloaded before import = 0
Number of asset objects unloaded after import = 3
========================================================================
Received Import Request.
  Time since last request: 0.000031 seconds.
  path: Assets/Free Asset - 2D Handcrafted Art/Sprite/Moss1/_7.png
  artifactKey: Guid(895c56d9cf77bc44bb8a2a0e50238a40) Importer(815301076,1909f56bfc062723c751e8b465ee728b)
Start importing Assets/Free Asset - 2D Handcrafted Art/Sprite/Moss1/_7.png using Guid(895c56d9cf77bc44bb8a2a0e50238a40) Importer(815301076,1909f56bfc062723c751e8b465ee728b)  -> (artifact id: 'dce71dbb241d423ef5178ffad5c15898') in 0.035550 seconds
Number of updated asset objects reloaded before import = 0
Number of asset objects unloaded after import = 3
========================================================================
Received Import Request.
  Time since last request: 0.004235 seconds.
  path: Assets/Free Asset - 2D Handcrafted Art/Sprite/Moss1/_31.png
  artifactKey: Guid(733ae4e27e11be44f8ec5e56db9e2ebe) Importer(815301076,1909f56bfc062723c751e8b465ee728b)
Start importing Assets/Free Asset - 2D Handcrafted Art/Sprite/Moss1/_31.png using Guid(733ae4e27e11be44f8ec5e56db9e2ebe) Importer(815301076,1909f56bfc062723c751e8b465ee728b)  -> (artifact id: 'c2f29ca0ca2c9f8806db3708820d2eb4') in 0.029692 seconds
Number of updated asset objects reloaded before import = 0
Number of asset objects unloaded after import = 3
========================================================================
Received Import Request.
  Time since last request: 0.000019 seconds.
  path: Assets/Free Asset - 2D Handcrafted Art/Sprite/Moss1/_6.png
  artifactKey: Guid(cce5f725d91397e448f150033e3059c5) Importer(815301076,1909f56bfc062723c751e8b465ee728b)
Start importing Assets/Free Asset - 2D Handcrafted Art/Sprite/Moss1/_6.png using Guid(cce5f725d91397e448f150033e3059c5) Importer(815301076,1909f56bfc062723c751e8b465ee728b)  -> (artifact id: '1bd6ebc94a0a5cea082f6c62b4ca2481') in 0.022736 seconds
Number of updated asset objects reloaded before import = 0
Number of asset objects unloaded after import = 3
========================================================================
Received Import Request.
  Time since last request: 0.000022 seconds.
  path: Assets/Free Asset - 2D Handcrafted Art/Sprite/Moss1/_28.png
  artifactKey: Guid(1a8edbb7b4cd8a84b8ce738f8c867161) Importer(815301076,1909f56bfc062723c751e8b465ee728b)
Start importing Assets/Free Asset - 2D Handcrafted Art/Sprite/Moss1/_28.png using Guid(1a8edbb7b4cd8a84b8ce738f8c867161) Importer(815301076,1909f56bfc062723c751e8b465ee728b)  -> (artifact id: '62c729c292aefef59d61c3cc0ea64c38') in 0.034905 seconds
Number of updated asset objects reloaded before import = 0
Number of asset objects unloaded after import = 3
========================================================================
Received Import Request.
  Time since last request: 0.000019 seconds.
  path: Assets/Free Asset - 2D Handcrafted Art/Sprite/Moss1/_8.png
  artifactKey: Guid(805c448d21c9f2744aa0d80d8c1e83cf) Importer(815301076,1909f56bfc062723c751e8b465ee728b)
Start importing Assets/Free Asset - 2D Handcrafted Art/Sprite/Moss1/_8.png using Guid(805c448d21c9f2744aa0d80d8c1e83cf) Importer(815301076,1909f56bfc062723c751e8b465ee728b)  -> (artifact id: '4c6319286702300995c1ee658e0f87c9') in 0.029017 seconds
Number of updated asset objects reloaded before import = 0
Number of asset objects unloaded after import = 3
========================================================================
Received Import Request.
  Time since last request: 0.000060 seconds.
  path: Assets/Free Asset - 2D Handcrafted Art/Sprite/Moss1/_26.png
  artifactKey: Guid(4d7cf064bdc18d2419c8f0f907c7d694) Importer(815301076,1909f56bfc062723c751e8b465ee728b)
Start importing Assets/Free Asset - 2D Handcrafted Art/Sprite/Moss1/_26.png using Guid(4d7cf064bdc18d2419c8f0f907c7d694) Importer(815301076,1909f56bfc062723c751e8b465ee728b)  -> (artifact id: '3c1ab7cb2f575e6f1a7da92196c905b2') in 0.033071 seconds
Number of updated asset objects reloaded before import = 0
Number of asset objects unloaded after import = 3
========================================================================
Received Import Request.
  Time since last request: 0.000258 seconds.
  path: Assets/Free Asset - 2D Handcrafted Art/Sprite/Moss1/_15.png
  artifactKey: Guid(2d522c61b58fe5b49bf82c39968c1ba9) Importer(815301076,1909f56bfc062723c751e8b465ee728b)
Start importing Assets/Free Asset - 2D Handcrafted Art/Sprite/Moss1/_15.png using Guid(2d522c61b58fe5b49bf82c39968c1ba9) Importer(815301076,1909f56bfc062723c751e8b465ee728b)  -> (artifact id: '3839db464b2ef80d54323438e89505f6') in 0.035452 seconds
Number of updated asset objects reloaded before import = 0
Number of asset objects unloaded after import = 3
========================================================================
Received Import Request.
  Time since last request: 0.000028 seconds.
  path: Assets/Free Asset - 2D Handcrafted Art/Sprite/Moss1/_27.png
  artifactKey: Guid(647bddfbf52c1574785a66a5f16caf56) Importer(815301076,1909f56bfc062723c751e8b465ee728b)
Start importing Assets/Free Asset - 2D Handcrafted Art/Sprite/Moss1/_27.png using Guid(647bddfbf52c1574785a66a5f16caf56) Importer(815301076,1909f56bfc062723c751e8b465ee728b)  -> (artifact id: '682ce28a794f7f61060a9d810a3b3bf3') in 0.030426 seconds
Number of updated asset objects reloaded before import = 0
Number of asset objects unloaded after import = 3
========================================================================
Received Import Request.
  Time since last request: 0.000036 seconds.
  path: Assets/Free Asset - 2D Handcrafted Art/Sprite/Moss1/_38.png
  artifactKey: Guid(87127be2dee81134686caafddcd022fa) Importer(815301076,1909f56bfc062723c751e8b465ee728b)
Start importing Assets/Free Asset - 2D Handcrafted Art/Sprite/Moss1/_38.png using Guid(87127be2dee81134686caafddcd022fa) Importer(815301076,1909f56bfc062723c751e8b465ee728b)  -> (artifact id: '343f315b800399f46c4b3f52353025bd') in 0.022088 seconds
Number of updated asset objects reloaded before import = 0
Number of asset objects unloaded after import = 3
========================================================================
Received Import Request.
  Time since last request: 3.420275 seconds.
  path: Assets/Free Asset - 2D Handcrafted Art/Sprite/Moss2/Moss2-animation_3.png
  artifactKey: Guid(702be53079855fa4b835105bd237e90e) Importer(815301076,1909f56bfc062723c751e8b465ee728b)
Start importing Assets/Free Asset - 2D Handcrafted Art/Sprite/Moss2/Moss2-animation_3.png using Guid(702be53079855fa4b835105bd237e90e) Importer(815301076,1909f56bfc062723c751e8b465ee728b)  -> (artifact id: '778746e5a252b770b225ece973adfcab') in 0.043547 seconds
Number of updated asset objects reloaded before import = 0
Number of asset objects unloaded after import = 3
========================================================================
Received Import Request.
  Time since last request: 0.000098 seconds.
  path: Assets/Free Asset - 2D Handcrafted Art/Sprite/Moss2/Moss2-animation_13.png
  artifactKey: Guid(8866205017b689f468cce73a91d1c8af) Importer(815301076,1909f56bfc062723c751e8b465ee728b)
Start importing Assets/Free Asset - 2D Handcrafted Art/Sprite/Moss2/Moss2-animation_13.png using Guid(8866205017b689f468cce73a91d1c8af) Importer(815301076,1909f56bfc062723c751e8b465ee728b)  -> (artifact id: '2aa74d54e488389031e046c4ee855caa') in 0.026698 seconds
Number of updated asset objects reloaded before import = 0
Number of asset objects unloaded after import = 3
========================================================================
Received Import Request.
  Time since last request: 0.000018 seconds.
  path: Assets/Free Asset - 2D Handcrafted Art/Sprite/Moss2/Moss2-animation_20.png
  artifactKey: Guid(c05d2d091aae5944a982fd3231aa1f4a) Importer(815301076,1909f56bfc062723c751e8b465ee728b)
Start importing Assets/Free Asset - 2D Handcrafted Art/Sprite/Moss2/Moss2-animation_20.png using Guid(c05d2d091aae5944a982fd3231aa1f4a) Importer(815301076,1909f56bfc062723c751e8b465ee728b)  -> (artifact id: '38cf2fcb8731b50a65debcd05bbb78c9') in 0.037990 seconds
Number of updated asset objects reloaded before import = 0
Number of asset objects unloaded after import = 3
========================================================================
Received Import Request.
  Time since last request: 0.000024 seconds.
  path: Assets/Free Asset - 2D Handcrafted Art/Sprite/Moss2/Moss2-animation_24.png
  artifactKey: Guid(e8c68b84ca1b6184899d4d2a469cdfe2) Importer(815301076,1909f56bfc062723c751e8b465ee728b)
Start importing Assets/Free Asset - 2D Handcrafted Art/Sprite/Moss2/Moss2-animation_24.png using Guid(e8c68b84ca1b6184899d4d2a469cdfe2) Importer(815301076,1909f56bfc062723c751e8b465ee728b)  -> (artifact id: '37457ec3eef84e5ec395edf620890716') in 0.026706 seconds
Number of updated asset objects reloaded before import = 0
Number of asset objects unloaded after import = 3
========================================================================
Received Import Request.
  Time since last request: 0.000024 seconds.
  path: Assets/Free Asset - 2D Handcrafted Art/Sprite/Moss2/Moss2-animation_15.png
  artifactKey: Guid(8f8b031470c28a248947017a32c44f41) Importer(815301076,1909f56bfc062723c751e8b465ee728b)
Start importing Assets/Free Asset - 2D Handcrafted Art/Sprite/Moss2/Moss2-animation_15.png using Guid(8f8b031470c28a248947017a32c44f41) Importer(815301076,1909f56bfc062723c751e8b465ee728b)  -> (artifact id: '76b4e3f8a3d7641bc5adf1fb3e9cad6c') in 0.027555 seconds
Number of updated asset objects reloaded before import = 0
Number of asset objects unloaded after import = 3
========================================================================
Received Import Request.
  Time since last request: 0.000028 seconds.
  path: Assets/Free Asset - 2D Handcrafted Art/Sprite/Moss2/Moss2-animation_10.png
  artifactKey: Guid(004c4fbdbf7ac384d8ecaa1b146bc47d) Importer(815301076,1909f56bfc062723c751e8b465ee728b)
Start importing Assets/Free Asset - 2D Handcrafted Art/Sprite/Moss2/Moss2-animation_10.png using Guid(004c4fbdbf7ac384d8ecaa1b146bc47d) Importer(815301076,1909f56bfc062723c751e8b465ee728b)  -> (artifact id: '6a9d1509ee546f2f8617a03d770ab3fa') in 0.025497 seconds
Number of updated asset objects reloaded before import = 0
Number of asset objects unloaded after import = 3
========================================================================
Received Import Request.
  Time since last request: 0.000020 seconds.
  path: Assets/Free Asset - 2D Handcrafted Art/Sprite/Moss2/Moss2-animation_21.png
  artifactKey: Guid(26705da1aee38264798f27f861a84e58) Importer(815301076,1909f56bfc062723c751e8b465ee728b)
Start importing Assets/Free Asset - 2D Handcrafted Art/Sprite/Moss2/Moss2-animation_21.png using Guid(26705da1aee38264798f27f861a84e58) Importer(815301076,1909f56bfc062723c751e8b465ee728b)  -> (artifact id: '2d849e578779c85e875efc039d3fcd84') in 0.023945 seconds
Number of updated asset objects reloaded before import = 0
Number of asset objects unloaded after import = 3
========================================================================
Received Import Request.
  Time since last request: 0.000038 seconds.
  path: Assets/Free Asset - 2D Handcrafted Art/Sprite/Moss2/Moss2-animation_6.png
  artifactKey: Guid(b5ed45dcba661b94584715aed9598b3f) Importer(815301076,1909f56bfc062723c751e8b465ee728b)
Start importing Assets/Free Asset - 2D Handcrafted Art/Sprite/Moss2/Moss2-animation_6.png using Guid(b5ed45dcba661b94584715aed9598b3f) Importer(815301076,1909f56bfc062723c751e8b465ee728b)  -> (artifact id: '92397d1e6f15225e9d837a451e340b71') in 0.028880 seconds
Number of updated asset objects reloaded before import = 0
Number of asset objects unloaded after import = 3
========================================================================
Received Import Request.
  Time since last request: 0.000023 seconds.
  path: Assets/Free Asset - 2D Handcrafted Art/Sprite/Moss2/Moss2-animation_14.png
  artifactKey: Guid(5b0d96c090c6e5e4da3c91b1a72ab03c) Importer(815301076,1909f56bfc062723c751e8b465ee728b)
Start importing Assets/Free Asset - 2D Handcrafted Art/Sprite/Moss2/Moss2-animation_14.png using Guid(5b0d96c090c6e5e4da3c91b1a72ab03c) Importer(815301076,1909f56bfc062723c751e8b465ee728b)  -> (artifact id: 'e777679dea29fee8e064fb0bd1d36c1a') in 0.020158 seconds
Number of updated asset objects reloaded before import = 0
Number of asset objects unloaded after import = 3
========================================================================
Received Import Request.
  Time since last request: 0.488801 seconds.
  path: Assets/Free Asset - 2D Handcrafted Art/Sprite/Moss3/Moss3-animation_3.png
  artifactKey: Guid(0566eeb7dd2de9641a6622e10e459302) Importer(815301076,1909f56bfc062723c751e8b465ee728b)
Start importing Assets/Free Asset - 2D Handcrafted Art/Sprite/Moss3/Moss3-animation_3.png using Guid(0566eeb7dd2de9641a6622e10e459302) Importer(815301076,1909f56bfc062723c751e8b465ee728b)  -> (artifact id: '5342c31c643992f0d6f6825528b0f471') in 0.031667 seconds
Number of updated asset objects reloaded before import = 0
Number of asset objects unloaded after import = 3
========================================================================
Received Import Request.
  Time since last request: 0.000392 seconds.
  path: Assets/Free Asset - 2D Handcrafted Art/Sprite/Moss3/Moss3-animation_46.png
  artifactKey: Guid(6dfb1e0d11367534f840dec5fff0f136) Importer(815301076,1909f56bfc062723c751e8b465ee728b)
Start importing Assets/Free Asset - 2D Handcrafted Art/Sprite/Moss3/Moss3-animation_46.png using Guid(6dfb1e0d11367534f840dec5fff0f136) Importer(815301076,1909f56bfc062723c751e8b465ee728b)  -> (artifact id: 'bfae610dc7760a5a5bfba01e64ed7a50') in 0.026340 seconds
Number of updated asset objects reloaded before import = 0
Number of asset objects unloaded after import = 3
========================================================================
Received Import Request.
  Time since last request: 0.000029 seconds.
  path: Assets/Free Asset - 2D Handcrafted Art/Sprite/Moss3/Moss3-animation_13.png
  artifactKey: Guid(6850bbce251536143aad02e62363927f) Importer(815301076,1909f56bfc062723c751e8b465ee728b)
Start importing Assets/Free Asset - 2D Handcrafted Art/Sprite/Moss3/Moss3-animation_13.png using Guid(6850bbce251536143aad02e62363927f) Importer(815301076,1909f56bfc062723c751e8b465ee728b)  -> (artifact id: '20d0f54df698a1dcfe22417623968190') in 0.023361 seconds
Number of updated asset objects reloaded before import = 0
Number of asset objects unloaded after import = 3
========================================================================
Received Import Request.
  Time since last request: 0.000034 seconds.
  path: Assets/Free Asset - 2D Handcrafted Art/Sprite/Moss3/Moss3-animation_47.png
  artifactKey: Guid(9feeeddffa087b64f8c2f9fa352a324d) Importer(815301076,1909f56bfc062723c751e8b465ee728b)
Start importing Assets/Free Asset - 2D Handcrafted Art/Sprite/Moss3/Moss3-animation_47.png using Guid(9feeeddffa087b64f8c2f9fa352a324d) Importer(815301076,1909f56bfc062723c751e8b465ee728b)  -> (artifact id: '0f950c4eff9956ad52b14dcf3f4346ef') in 0.019862 seconds
Number of updated asset objects reloaded before import = 0
Number of asset objects unloaded after import = 3
========================================================================
Received Import Request.
  Time since last request: 0.000025 seconds.
  path: Assets/Free Asset - 2D Handcrafted Art/Sprite/Moss3/Moss3-animation_36.png
  artifactKey: Guid(6eefbdd653d4cb44383c570e811b3afb) Importer(815301076,1909f56bfc062723c751e8b465ee728b)
Start importing Assets/Free Asset - 2D Handcrafted Art/Sprite/Moss3/Moss3-animation_36.png using Guid(6eefbdd653d4cb44383c570e811b3afb) Importer(815301076,1909f56bfc062723c751e8b465ee728b)  -> (artifact id: '4c66bd93a0c59c70cb9a34d4038ee0ed') in 0.028283 seconds
Number of updated asset objects reloaded before import = 0
Number of asset objects unloaded after import = 3
========================================================================
Received Import Request.
  Time since last request: 0.000018 seconds.
  path: Assets/Free Asset - 2D Handcrafted Art/Sprite/Moss3/Moss3-animation_5.png
  artifactKey: Guid(b184108e44e9575498fc12784355db5a) Importer(815301076,1909f56bfc062723c751e8b465ee728b)
Start importing Assets/Free Asset - 2D Handcrafted Art/Sprite/Moss3/Moss3-animation_5.png using Guid(b184108e44e9575498fc12784355db5a) Importer(815301076,1909f56bfc062723c751e8b465ee728b)  -> (artifact id: '99c09dd12e108e08dac77749589e6cac') in 0.025672 seconds
Number of updated asset objects reloaded before import = 0
Number of asset objects unloaded after import = 3
========================================================================
Received Import Request.
  Time since last request: 0.000237 seconds.
  path: Assets/Free Asset - 2D Handcrafted Art/Sprite/Moss3/Moss3-animation_17.png
  artifactKey: Guid(23857a15c1907454eb91f379ae1d979c) Importer(815301076,1909f56bfc062723c751e8b465ee728b)
Start importing Assets/Free Asset - 2D Handcrafted Art/Sprite/Moss3/Moss3-animation_17.png using Guid(23857a15c1907454eb91f379ae1d979c) Importer(815301076,1909f56bfc062723c751e8b465ee728b)  -> (artifact id: '4e78de75455773a237a3a5c75623b942') in 0.027675 seconds
Number of updated asset objects reloaded before import = 0
Number of asset objects unloaded after import = 3
========================================================================
Received Import Request.
  Time since last request: 0.000288 seconds.
  path: Assets/Free Asset - 2D Handcrafted Art/Sprite/Moss3/Moss3-animation_16.png
  artifactKey: Guid(686017b87f4bc2f4ea8b4e93a4d358a7) Importer(815301076,1909f56bfc062723c751e8b465ee728b)
Start importing Assets/Free Asset - 2D Handcrafted Art/Sprite/Moss3/Moss3-animation_16.png using Guid(686017b87f4bc2f4ea8b4e93a4d358a7) Importer(815301076,1909f56bfc062723c751e8b465ee728b)  -> (artifact id: '3eb904f7272146e931af8c35af6cd5e0') in 0.028323 seconds
Number of updated asset objects reloaded before import = 0
Number of asset objects unloaded after import = 3
========================================================================
Received Import Request.
  Time since last request: 0.000029 seconds.
  path: Assets/Free Asset - 2D Handcrafted Art/Sprite/Moss3/Moss3-animation_25.png
  artifactKey: Guid(09abc83b58ddd5b489b415d22ce08116) Importer(815301076,1909f56bfc062723c751e8b465ee728b)
Start importing Assets/Free Asset - 2D Handcrafted Art/Sprite/Moss3/Moss3-animation_25.png using Guid(09abc83b58ddd5b489b415d22ce08116) Importer(815301076,1909f56bfc062723c751e8b465ee728b)  -> (artifact id: '3b202cfde69d2b695914764f4a4ba9a3') in 0.029878 seconds
Number of updated asset objects reloaded before import = 0
Number of asset objects unloaded after import = 3
========================================================================
Received Import Request.
  Time since last request: 0.000018 seconds.
  path: Assets/Free Asset - 2D Handcrafted Art/Sprite/Moss3/Moss3-animation_38.png
  artifactKey: Guid(f2cbdfde400cb80439673a60de288583) Importer(815301076,1909f56bfc062723c751e8b465ee728b)
Start importing Assets/Free Asset - 2D Handcrafted Art/Sprite/Moss3/Moss3-animation_38.png using Guid(f2cbdfde400cb80439673a60de288583) Importer(815301076,1909f56bfc062723c751e8b465ee728b)  -> (artifact id: '4d7233305bd375f34ef1aaf6c55245ba') in 0.013744 seconds
Number of updated asset objects reloaded before import = 0
Number of asset objects unloaded after import = 3
========================================================================
Received Import Request.
  Time since last request: 0.104056 seconds.
  path: Assets/Free Asset - 2D Handcrafted Art/Sprite/Surface1/Surface2-animation_3.png
  artifactKey: Guid(68f8df60d2758de49bff7acdc5116dbf) Importer(815301076,1909f56bfc062723c751e8b465ee728b)
Start importing Assets/Free Asset - 2D Handcrafted Art/Sprite/Surface1/Surface2-animation_3.png using Guid(68f8df60d2758de49bff7acdc5116dbf) Importer(815301076,1909f56bfc062723c751e8b465ee728b)  -> (artifact id: '4d3ec569df1836a3ff1ca768770ee30b') in 0.030181 seconds
Number of updated asset objects reloaded before import = 0
Number of asset objects unloaded after import = 3
========================================================================
Received Import Request.
  Time since last request: 0.000021 seconds.
  path: Assets/Free Asset - 2D Handcrafted Art/Sprite/Surface1/Surface2-animation_27.png
  artifactKey: Guid(b2e1a386ee1e529468a384d00f9bc6c1) Importer(815301076,1909f56bfc062723c751e8b465ee728b)
Start importing Assets/Free Asset - 2D Handcrafted Art/Sprite/Surface1/Surface2-animation_27.png using Guid(b2e1a386ee1e529468a384d00f9bc6c1) Importer(815301076,1909f56bfc062723c751e8b465ee728b)  -> (artifact id: '0cf1c5cb8873494cdd31107717ca3973') in 0.026920 seconds
Number of updated asset objects reloaded before import = 0
Number of asset objects unloaded after import = 3
========================================================================
Received Import Request.
  Time since last request: 0.000019 seconds.
  path: Assets/Free Asset - 2D Handcrafted Art/Sprite/Surface1/Surface2-animation_6.png
  artifactKey: Guid(789f8f11dd5c6a84d8c95d60fab84c49) Importer(815301076,1909f56bfc062723c751e8b465ee728b)
Start importing Assets/Free Asset - 2D Handcrafted Art/Sprite/Surface1/Surface2-animation_6.png using Guid(789f8f11dd5c6a84d8c95d60fab84c49) Importer(815301076,1909f56bfc062723c751e8b465ee728b)  -> (artifact id: 'fb68b67d2ceaa58a5e26014b6ae5c2ed') in 0.023169 seconds
Number of updated asset objects reloaded before import = 0
Number of asset objects unloaded after import = 3
========================================================================
Received Import Request.
  Time since last request: 0.000024 seconds.
  path: Assets/Free Asset - 2D Handcrafted Art/Sprite/Surface1/Surface2-animation_25.png
  artifactKey: Guid(274226f7b92336043875d7a0a5945ae4) Importer(815301076,1909f56bfc062723c751e8b465ee728b)
Start importing Assets/Free Asset - 2D Handcrafted Art/Sprite/Surface1/Surface2-animation_25.png using Guid(274226f7b92336043875d7a0a5945ae4) Importer(815301076,1909f56bfc062723c751e8b465ee728b)  -> (artifact id: '5506ccdf4723616e644120f2982f89e8') in 0.021524 seconds
Number of updated asset objects reloaded before import = 0
Number of asset objects unloaded after import = 3
========================================================================
Received Import Request.
  Time since last request: 0.000042 seconds.
  path: Assets/Free Asset - 2D Handcrafted Art/Sprite/Surface1/Surface2-animation_46.png
  artifactKey: Guid(b846fec1394675d45821f632ba9887ed) Importer(815301076,1909f56bfc062723c751e8b465ee728b)
Start importing Assets/Free Asset - 2D Handcrafted Art/Sprite/Surface1/Surface2-animation_46.png using Guid(b846fec1394675d45821f632ba9887ed) Importer(815301076,1909f56bfc062723c751e8b465ee728b)  -> (artifact id: '25674f4d0a46fb57e7fa1a97f8c0f79e') in 0.024851 seconds
Number of updated asset objects reloaded before import = 0
Number of asset objects unloaded after import = 3
========================================================================
Received Import Request.
  Time since last request: 0.000020 seconds.
  path: Assets/Free Asset - 2D Handcrafted Art/Sprite/Surface1/Surface2-animation_10.png
  artifactKey: Guid(49630896d1d631a489a6d8fac35ab148) Importer(815301076,1909f56bfc062723c751e8b465ee728b)
Start importing Assets/Free Asset - 2D Handcrafted Art/Sprite/Surface1/Surface2-animation_10.png using Guid(49630896d1d631a489a6d8fac35ab148) Importer(815301076,1909f56bfc062723c751e8b465ee728b)  -> (artifact id: '1e22b1b061f45ba0e95616bf8b86ae67') in 0.023288 seconds
Number of updated asset objects reloaded before import = 0
Number of asset objects unloaded after import = 3
========================================================================
Received Import Request.
  Time since last request: 0.000017 seconds.
  path: Assets/Free Asset - 2D Handcrafted Art/Sprite/Surface1/Surface2-animation_17.png
  artifactKey: Guid(2983dc5b53ce96d4f8bb958f57f55dc4) Importer(815301076,1909f56bfc062723c751e8b465ee728b)
Start importing Assets/Free Asset - 2D Handcrafted Art/Sprite/Surface1/Surface2-animation_17.png using Guid(2983dc5b53ce96d4f8bb958f57f55dc4) Importer(815301076,1909f56bfc062723c751e8b465ee728b)  -> (artifact id: '4023cea42d43b2aadb54250fc8705416') in 0.022101 seconds
Number of updated asset objects reloaded before import = 0
Number of asset objects unloaded after import = 3
========================================================================
Received Import Request.
  Time since last request: 0.000024 seconds.
  path: Assets/Free Asset - 2D Handcrafted Art/Sprite/Surface1/Surface2-animation_31.png
  artifactKey: Guid(1360d2767cba02e41a875324c85417b1) Importer(815301076,1909f56bfc062723c751e8b465ee728b)
Start importing Assets/Free Asset - 2D Handcrafted Art/Sprite/Surface1/Surface2-animation_31.png using Guid(1360d2767cba02e41a875324c85417b1) Importer(815301076,1909f56bfc062723c751e8b465ee728b)  -> (artifact id: '6af133d5e22be84eb39d104dec9e43b0') in 0.022675 seconds
Number of updated asset objects reloaded before import = 0
Number of asset objects unloaded after import = 3
========================================================================
Received Import Request.
  Time since last request: 0.000021 seconds.
  path: Assets/Free Asset - 2D Handcrafted Art/Sprite/Surface1/Surface2-animation_51.png
  artifactKey: Guid(541ae07c36c45ff4ead34088ae74bcdb) Importer(815301076,1909f56bfc062723c751e8b465ee728b)
Start importing Assets/Free Asset - 2D Handcrafted Art/Sprite/Surface1/Surface2-animation_51.png using Guid(541ae07c36c45ff4ead34088ae74bcdb) Importer(815301076,1909f56bfc062723c751e8b465ee728b)  -> (artifact id: '518acc39e73773b07ba5102c5cb887f8') in 0.019495 seconds
Number of updated asset objects reloaded before import = 0
Number of asset objects unloaded after import = 3
========================================================================
Received Import Request.
  Time since last request: 0.000020 seconds.
  path: Assets/Free Asset - 2D Handcrafted Art/Sprite/Surface1/Surface2-animation_20.png
  artifactKey: Guid(cc9f4dafbeff0ba43813c35fcebebdf4) Importer(815301076,1909f56bfc062723c751e8b465ee728b)
Start importing Assets/Free Asset - 2D Handcrafted Art/Sprite/Surface1/Surface2-animation_20.png using Guid(cc9f4dafbeff0ba43813c35fcebebdf4) Importer(815301076,1909f56bfc062723c751e8b465ee728b)  -> (artifact id: 'eec43921f3f0ed58853d821078fc6485') in 0.025858 seconds
Number of updated asset objects reloaded before import = 0
Number of asset objects unloaded after import = 3
========================================================================
Received Prepare
Begin MonoManager ReloadAssembly
- Loaded All Assemblies, in  0.814 seconds
Refreshing native plugins compatible for Editor in 8.06 ms, found 9 plugins.
Native extension for WindowsStandalone target not found
Native extension for Android target not found
Native extension for WebGL target not found
[Package Manager] Server::EnsureServerProcessIsRunning -- launch failed, reason: Unity was launched with the -noUpm command-line argument
[Package Manager] UpmClient::Send -- Unable to send message (not connected to UPM process).
[Package Manager] Cannot connect to Unity Package Manager local server
Mono: successfully reloaded assembly
- Finished resetting the current domain, in  2.354 seconds
Domain Reload Profiling: 3163ms
	BeginReloadAssembly (249ms)
		ExecutionOrderSort (0ms)
		DisableScriptedObjects (15ms)
		BackupInstance (0ms)
		ReleaseScriptingObjects (0ms)
		CreateAndSetChildDomain (74ms)
	RebuildCommonClasses (47ms)
	RebuildNativeTypeToScriptingClass (14ms)
	initialDomainReloadingComplete (45ms)
	LoadAllAssembliesAndSetupDomain (454ms)
		LoadAssemblies (534ms)
		RebuildTransferFunctionScriptingTraits (0ms)
		AnalyzeDomain (38ms)
			TypeCache.Refresh (13ms)
				TypeCache.ScanAssembly (0ms)
			ScanForSourceGeneratedMonoScriptInfo (0ms)
			ResolveRequiredComponents (24ms)
	FinalizeReload (2355ms)
		ReleaseScriptCaches (0ms)
		RebuildScriptCaches (0ms)
		SetupLoadedEditorAssemblies (976ms)
			LogAssemblyErrors (0ms)
			InitializePlatformSupportModulesInManaged (52ms)
			SetLoadedEditorAssemblies (8ms)
			RefreshPlugins (0ms)
			BeforeProcessingInitializeOnLoad (138ms)
			ProcessInitializeOnLoadAttributes (624ms)
			ProcessInitializeOnLoadMethodAttributes (145ms)
			AfterProcessingInitializeOnLoad (10ms)
			EditorAssembliesLoaded (1ms)
		ExecutionOrderSort2 (0ms)
		AwakeInstancesAfterBackupRestoration (24ms)
Refreshing native plugins compatible for Editor in 7.80 ms, found 9 plugins.
Preloading 0 native plugins for Editor in 0.00 ms.
Unloading 6282 Unused Serialized files (Serialized files now loaded: 0)
Unloading 79 unused Assets / (1.7 MB). Loaded Objects now: 6861.
Memory consumption went from 222.7 MB to 221.1 MB.
Total: 5.854400 ms (FindLiveObjects: 1.078200 ms CreateObjectMapping: 0.277600 ms MarkObjects: 3.453300 ms  DeleteObjects: 1.043700 ms)

Prepare: number of updated asset objects reloaded= 0
AssetImportParameters requested are different than current active one (requested -> active):
  custom:container-demuxer-ogg: 62fdf1f143b41e24485cea50d1cbac27 -> 
  custom:video-decoder-ogg-theora: a1e56fd34408186e4bbccfd4996cb3dc -> 
  custom:scripting/monoscript/fileName/AnimationFList.cs: 908c9f63f274c70d8b39d2e9ce730ca5 -> 
  custom:framework-win-MediaFoundation: 216162199b28c13a410421893ffa2e32 -> 
  custom:scripting/monoscript/fileName/Move.cs: cf5c80ac67b5e36402195d2886e5c0fe -> 
  custom:CustomObjectIndexerAttribute: 72b91833f83ae208fae7752999fa3104 -> 
  custom:scripting/monoscript/fileName/ParallaxBehavior.cs: e07c2e636f792f17c00d4b6c52fd1ca7 -> 
  custom:container-demuxer-webm: 4f35f7cbe854078d1ac9338744f61a02 -> 
  custom:container-muxer-webm: aa71ff27fc2769a1b78a27578f13a17b -> 
  custom:video-decoder-webm-vp8: 9c59270c3fd7afecdb556c50c9e8de78 -> 
  custom:SearchIndexIgnoredProperties: e643bd26f0fe6173181afceb89e7c659 -> 
  custom:AudioImporter_EditorPlatform: d09bf68614088b80899f8185d706f6e7 -> 
  custom:video-encoder-webm-vp8: eb34c28f22e8b96e1ab97ce403110664 -> 
  custom:audio-decoder-ogg-vorbis: bf7c407c2cedff20999df2af8eb42d56 -> 
  custom:audio-encoder-webm-vorbis: bf7c407c2cedff20999df2af8eb42d56 -> 
  custom:scripting/monoscript/fileName/TrapControll.cs: c6f373f11a611787a9e2e271a72424a9 -> 
Editor requested this worker to shutdown with reason: Scaling down because of idle timeout
TcpMessagingSession - receive error
AssetImportWorkerClient::OnTransportError - code=2 error=End of file
AssetImportWorker is now disconnected from the server
Process exiting
Exiting without the bug reporter. Application will terminate with return code 0